node:internal/modules/cjs/loader:936
  throw err;
  ^

Error: Cannot find module './routes/indexRoute'
Require stack:
- /home/alcrroro/login/login.js
- /usr/local/lsws/fcgi-bin/lsnode.js
    at Function.Module._resolveFilename (node:internal/modules/cjs/loader:933:15)
    at Function.Module._load (node:internal/modules/cjs/loader:778:27)
    at Module.require (node:internal/modules/cjs/loader:1005:19)
    at require (node:internal/modules/cjs/helpers:102:18)
    at Object.<anonymous> (/home/alcrroro/login/login.js:9:21)
    at Module._compile (node:internal/modules/cjs/loader:1105:14)
    at Object.Module._extensions..js (node:internal/modules/cjs/loader:1159:10)
    at Module.load (node:internal/modules/cjs/loader:981:32)
    at Function.Module._load (node:internal/modules/cjs/loader:822:12)
    at Module.require (node:internal/modules/cjs/loader:1005:19) {
  code: 'MODULE_NOT_FOUND',
  requireStack: [
    '/home/alcrroro/login/login.js',
    '/usr/local/lsws/fcgi-bin/lsnode.js'
  ]
}
node:internal/modules/cjs/loader:936
  throw err;
  ^

Error: Cannot find module './routes/indexRoute'
Require stack:
- /home/alcrroro/login/login.js
- /usr/local/lsws/fcgi-bin/lsnode.js
    at Function.Module._resolveFilename (node:internal/modules/cjs/loader:933:15)
    at Function.Module._load (node:internal/modules/cjs/loader:778:27)
    at Module.require (node:internal/modules/cjs/loader:1005:19)
    at require (node:internal/modules/cjs/helpers:102:18)
    at Object.<anonymous> (/home/alcrroro/login/login.js:9:21)
    at Module._compile (node:internal/modules/cjs/loader:1105:14)
    at Object.Module._extensions..js (node:internal/modules/cjs/loader:1159:10)
    at Module.load (node:internal/modules/cjs/loader:981:32)
    at Function.Module._load (node:internal/modules/cjs/loader:822:12)
    at Module.require (node:internal/modules/cjs/loader:1005:19) {
  code: 'MODULE_NOT_FOUND',
  requireStack: [
    '/home/alcrroro/login/login.js',
    '/usr/local/lsws/fcgi-bin/lsnode.js'
  ]
}
node:internal/modules/cjs/loader:936
  throw err;
  ^

Error: Cannot find module './routes/indexRoute'
Require stack:
- /home/alcrroro/login/login.js
- /usr/local/lsws/fcgi-bin/lsnode.js
    at Function.Module._resolveFilename (node:internal/modules/cjs/loader:933:15)
    at Function.Module._load (node:internal/modules/cjs/loader:778:27)
    at Module.require (node:internal/modules/cjs/loader:1005:19)
    at require (node:internal/modules/cjs/helpers:102:18)
    at Object.<anonymous> (/home/alcrroro/login/login.js:9:21)
    at Module._compile (node:internal/modules/cjs/loader:1105:14)
    at Object.Module._extensions..js (node:internal/modules/cjs/loader:1159:10)
    at Module.load (node:internal/modules/cjs/loader:981:32)
    at Function.Module._load (node:internal/modules/cjs/loader:822:12)
    at Module.require (node:internal/modules/cjs/loader:1005:19) {
  code: 'MODULE_NOT_FOUND',
  requireStack: [
    '/home/alcrroro/login/login.js',
    '/usr/local/lsws/fcgi-bin/lsnode.js'
  ]
}
node:internal/modules/cjs/loader:936
  throw err;
  ^

Error: Cannot find module './routes/indexRoute'
Require stack:
- /home/alcrroro/login/login.js
- /usr/local/lsws/fcgi-bin/lsnode.js
    at Function.Module._resolveFilename (node:internal/modules/cjs/loader:933:15)
    at Function.Module._load (node:internal/modules/cjs/loader:778:27)
    at Module.require (node:internal/modules/cjs/loader:1005:19)
    at require (node:internal/modules/cjs/helpers:102:18)
    at Object.<anonymous> (/home/alcrroro/login/login.js:9:21)
    at Module._compile (node:internal/modules/cjs/loader:1105:14)
    at Object.Module._extensions..js (node:internal/modules/cjs/loader:1159:10)
    at Module.load (node:internal/modules/cjs/loader:981:32)
    at Function.Module._load (node:internal/modules/cjs/loader:822:12)
    at Module.require (node:internal/modules/cjs/loader:1005:19) {
  code: 'MODULE_NOT_FOUND',
  requireStack: [
    '/home/alcrroro/login/login.js',
    '/usr/local/lsws/fcgi-bin/lsnode.js'
  ]
}
node:internal/modules/cjs/loader:936
  throw err;
  ^

Error: Cannot find module './routes/indexRoute'
Require stack:
- /home/alcrroro/login/login.js
- /usr/local/lsws/fcgi-bin/lsnode.js
    at Function.Module._resolveFilename (node:internal/modules/cjs/loader:933:15)
    at Function.Module._load (node:internal/modules/cjs/loader:778:27)
    at Module.require (node:internal/modules/cjs/loader:1005:19)
    at require (node:internal/modules/cjs/helpers:102:18)
    at Object.<anonymous> (/home/alcrroro/login/login.js:9:21)
    at Module._compile (node:internal/modules/cjs/loader:1105:14)
    at Object.Module._extensions..js (node:internal/modules/cjs/loader:1159:10)
    at Module.load (node:internal/modules/cjs/loader:981:32)
    at Function.Module._load (node:internal/modules/cjs/loader:822:12)
    at Module.require (node:internal/modules/cjs/loader:1005:19) {
  code: 'MODULE_NOT_FOUND',
  requireStack: [
    '/home/alcrroro/login/login.js',
    '/usr/local/lsws/fcgi-bin/lsnode.js'
  ]
}
node:internal/modules/cjs/loader:936
  throw err;
  ^

Error: Cannot find module './routes/indexRoute'
Require stack:
- /home/alcrroro/login/login.js
- /usr/local/lsws/fcgi-bin/lsnode.js
    at Function.Module._resolveFilename (node:internal/modules/cjs/loader:933:15)
    at Function.Module._load (node:internal/modules/cjs/loader:778:27)
    at Module.require (node:internal/modules/cjs/loader:1005:19)
    at require (node:internal/modules/cjs/helpers:102:18)
    at Object.<anonymous> (/home/alcrroro/login/login.js:9:21)
    at Module._compile (node:internal/modules/cjs/loader:1105:14)
    at Object.Module._extensions..js (node:internal/modules/cjs/loader:1159:10)
    at Module.load (node:internal/modules/cjs/loader:981:32)
    at Function.Module._load (node:internal/modules/cjs/loader:822:12)
    at Module.require (node:internal/modules/cjs/loader:1005:19) {
  code: 'MODULE_NOT_FOUND',
  requireStack: [
    '/home/alcrroro/login/login.js',
    '/usr/local/lsws/fcgi-bin/lsnode.js'
  ]
}
/home/alcrroro/nodevenv/login/16/lib/node_modules/express/lib/router/route.js:211
        throw new Error(msg);
        ^

Error: Route.get() requires a callback function but got a [object Undefined]
    at Route.<computed> [as get] (/home/alcrroro/nodevenv/login/16/lib/node_modules/express/lib/router/route.js:211:15)
    at Function.proto.<computed> [as get] (/home/alcrroro/nodevenv/login/16/lib/node_modules/express/lib/router/index.js:521:19)
    at Object.<anonymous> (/home/alcrroro/login/routes/login.js:13:8)
    at Module._compile (node:internal/modules/cjs/loader:1105:14)
    at Object.Module._extensions..js (node:internal/modules/cjs/loader:1159:10)
    at Module.load (node:internal/modules/cjs/loader:981:32)
    at Function.Module._load (node:internal/modules/cjs/loader:822:12)
    at Module.require (node:internal/modules/cjs/loader:1005:19)
    at require (node:internal/modules/cjs/helpers:102:18)
    at Object.<anonymous> (/home/alcrroro/login/login.js:9:21)
/home/alcrroro/nodevenv/login/16/lib/node_modules/express/lib/router/route.js:211
        throw new Error(msg);
        ^

Error: Route.get() requires a callback function but got a [object Undefined]
    at Route.<computed> [as get] (/home/alcrroro/nodevenv/login/16/lib/node_modules/express/lib/router/route.js:211:15)
    at Function.proto.<computed> [as get] (/home/alcrroro/nodevenv/login/16/lib/node_modules/express/lib/router/index.js:521:19)
    at Object.<anonymous> (/home/alcrroro/login/routes/login.js:13:8)
    at Module._compile (node:internal/modules/cjs/loader:1105:14)
    at Object.Module._extensions..js (node:internal/modules/cjs/loader:1159:10)
    at Module.load (node:internal/modules/cjs/loader:981:32)
    at Function.Module._load (node:internal/modules/cjs/loader:822:12)
    at Module.require (node:internal/modules/cjs/loader:1005:19)
    at require (node:internal/modules/cjs/helpers:102:18)
    at Object.<anonymous> (/home/alcrroro/login/login.js:9:21)
/home/alcrroro/nodevenv/login/16/lib/node_modules/express/lib/router/route.js:211
        throw new Error(msg);
        ^

Error: Route.get() requires a callback function but got a [object Undefined]
    at Route.<computed> [as get] (/home/alcrroro/nodevenv/login/16/lib/node_modules/express/lib/router/route.js:211:15)
    at Function.proto.<computed> [as get] (/home/alcrroro/nodevenv/login/16/lib/node_modules/express/lib/router/index.js:521:19)
    at Object.<anonymous> (/home/alcrroro/login/routes/login.js:13:8)
    at Module._compile (node:internal/modules/cjs/loader:1105:14)
    at Object.Module._extensions..js (node:internal/modules/cjs/loader:1159:10)
    at Module.load (node:internal/modules/cjs/loader:981:32)
    at Function.Module._load (node:internal/modules/cjs/loader:822:12)
    at Module.require (node:internal/modules/cjs/loader:1005:19)
    at require (node:internal/modules/cjs/helpers:102:18)
    at Object.<anonymous> (/home/alcrroro/login/login.js:9:21)
/home/alcrroro/nodevenv/login/16/lib/node_modules/express/lib/router/route.js:211
        throw new Error(msg);
        ^

Error: Route.get() requires a callback function but got a [object Undefined]
    at Route.<computed> [as get] (/home/alcrroro/nodevenv/login/16/lib/node_modules/express/lib/router/route.js:211:15)
    at Function.proto.<computed> [as get] (/home/alcrroro/nodevenv/login/16/lib/node_modules/express/lib/router/index.js:521:19)
    at Object.<anonymous> (/home/alcrroro/login/routes/login.js:13:8)
    at Module._compile (node:internal/modules/cjs/loader:1105:14)
    at Object.Module._extensions..js (node:internal/modules/cjs/loader:1159:10)
    at Module.load (node:internal/modules/cjs/loader:981:32)
    at Function.Module._load (node:internal/modules/cjs/loader:822:12)
    at Module.require (node:internal/modules/cjs/loader:1005:19)
    at require (node:internal/modules/cjs/helpers:102:18)
    at Object.<anonymous> (/home/alcrroro/login/login.js:9:21)
/home/alcrroro/nodevenv/login/16/lib/node_modules/express/lib/router/route.js:211
        throw new Error(msg);
        ^

Error: Route.get() requires a callback function but got a [object Undefined]
    at Route.<computed> [as get] (/home/alcrroro/nodevenv/login/16/lib/node_modules/express/lib/router/route.js:211:15)
    at Function.proto.<computed> [as get] (/home/alcrroro/nodevenv/login/16/lib/node_modules/express/lib/router/index.js:521:19)
    at Object.<anonymous> (/home/alcrroro/login/routes/login.js:13:8)
    at Module._compile (node:internal/modules/cjs/loader:1105:14)
    at Object.Module._extensions..js (node:internal/modules/cjs/loader:1159:10)
    at Module.load (node:internal/modules/cjs/loader:981:32)
    at Function.Module._load (node:internal/modules/cjs/loader:822:12)
    at Module.require (node:internal/modules/cjs/loader:1005:19)
    at require (node:internal/modules/cjs/helpers:102:18)
    at Object.<anonymous> (/home/alcrroro/login/login.js:9:21)
/home/alcrroro/nodevenv/login/16/lib/node_modules/express/lib/router/route.js:211
        throw new Error(msg);
        ^

Error: Route.get() requires a callback function but got a [object Undefined]
    at Route.<computed> [as get] (/home/alcrroro/nodevenv/login/16/lib/node_modules/express/lib/router/route.js:211:15)
    at Function.proto.<computed> [as get] (/home/alcrroro/nodevenv/login/16/lib/node_modules/express/lib/router/index.js:521:19)
    at Object.<anonymous> (/home/alcrroro/login/routes/login.js:13:8)
    at Module._compile (node:internal/modules/cjs/loader:1105:14)
    at Object.Module._extensions..js (node:internal/modules/cjs/loader:1159:10)
    at Module.load (node:internal/modules/cjs/loader:981:32)
    at Function.Module._load (node:internal/modules/cjs/loader:822:12)
    at Module.require (node:internal/modules/cjs/loader:1005:19)
    at require (node:internal/modules/cjs/helpers:102:18)
    at Object.<anonymous> (/home/alcrroro/login/login.js:9:21)
/home/alcrroro/nodevenv/login/16/lib/node_modules/express/lib/router/route.js:211
        throw new Error(msg);
        ^

Error: Route.get() requires a callback function but got a [object Undefined]
    at Route.<computed> [as get] (/home/alcrroro/nodevenv/login/16/lib/node_modules/express/lib/router/route.js:211:15)
    at Function.proto.<computed> [as get] (/home/alcrroro/nodevenv/login/16/lib/node_modules/express/lib/router/index.js:521:19)
    at Object.<anonymous> (/home/alcrroro/login/routes/login.js:13:8)
    at Module._compile (node:internal/modules/cjs/loader:1105:14)
    at Object.Module._extensions..js (node:internal/modules/cjs/loader:1159:10)
    at Module.load (node:internal/modules/cjs/loader:981:32)
    at Function.Module._load (node:internal/modules/cjs/loader:822:12)
    at Module.require (node:internal/modules/cjs/loader:1005:19)
    at require (node:internal/modules/cjs/helpers:102:18)
    at Object.<anonymous> (/home/alcrroro/login/login.js:9:21)
/home/alcrroro/nodevenv/login/16/lib/node_modules/express/lib/router/route.js:211
        throw new Error(msg);
        ^

Error: Route.get() requires a callback function but got a [object Undefined]
    at Route.<computed> [as get] (/home/alcrroro/nodevenv/login/16/lib/node_modules/express/lib/router/route.js:211:15)
    at Function.proto.<computed> [as get] (/home/alcrroro/nodevenv/login/16/lib/node_modules/express/lib/router/index.js:521:19)
    at Object.<anonymous> (/home/alcrroro/login/routes/login.js:13:8)
    at Module._compile (node:internal/modules/cjs/loader:1105:14)
    at Object.Module._extensions..js (node:internal/modules/cjs/loader:1159:10)
    at Module.load (node:internal/modules/cjs/loader:981:32)
    at Function.Module._load (node:internal/modules/cjs/loader:822:12)
    at Module.require (node:internal/modules/cjs/loader:1005:19)
    at require (node:internal/modules/cjs/helpers:102:18)
    at Object.<anonymous> (/home/alcrroro/login/login.js:9:21)
/home/alcrroro/nodevenv/login/16/lib/node_modules/express/lib/router/route.js:211
        throw new Error(msg);
        ^

Error: Route.get() requires a callback function but got a [object Undefined]
    at Route.<computed> [as get] (/home/alcrroro/nodevenv/login/16/lib/node_modules/express/lib/router/route.js:211:15)
    at Function.proto.<computed> [as get] (/home/alcrroro/nodevenv/login/16/lib/node_modules/express/lib/router/index.js:521:19)
    at Object.<anonymous> (/home/alcrroro/login/routes/login.js:13:8)
    at Module._compile (node:internal/modules/cjs/loader:1105:14)
    at Object.Module._extensions..js (node:internal/modules/cjs/loader:1159:10)
    at Module.load (node:internal/modules/cjs/loader:981:32)
    at Function.Module._load (node:internal/modules/cjs/loader:822:12)
    at Module.require (node:internal/modules/cjs/loader:1005:19)
    at require (node:internal/modules/cjs/helpers:102:18)
    at Object.<anonymous> (/home/alcrroro/login/login.js:9:21)
/home/alcrroro/nodevenv/login/16/lib/node_modules/express/lib/router/route.js:211
        throw new Error(msg);
        ^

Error: Route.get() requires a callback function but got a [object Undefined]
    at Route.<computed> [as get] (/home/alcrroro/nodevenv/login/16/lib/node_modules/express/lib/router/route.js:211:15)
    at Function.proto.<computed> [as get] (/home/alcrroro/nodevenv/login/16/lib/node_modules/express/lib/router/index.js:521:19)
    at Object.<anonymous> (/home/alcrroro/login/routes/login.js:13:8)
    at Module._compile (node:internal/modules/cjs/loader:1105:14)
    at Object.Module._extensions..js (node:internal/modules/cjs/loader:1159:10)
    at Module.load (node:internal/modules/cjs/loader:981:32)
    at Function.Module._load (node:internal/modules/cjs/loader:822:12)
    at Module.require (node:internal/modules/cjs/loader:1005:19)
    at require (node:internal/modules/cjs/helpers:102:18)
    at Object.<anonymous> (/home/alcrroro/login/login.js:9:21)
/home/alcrroro/nodevenv/login/16/lib/node_modules/express/lib/router/route.js:211
        throw new Error(msg);
        ^

Error: Route.get() requires a callback function but got a [object Undefined]
    at Route.<computed> [as get] (/home/alcrroro/nodevenv/login/16/lib/node_modules/express/lib/router/route.js:211:15)
    at Function.proto.<computed> [as get] (/home/alcrroro/nodevenv/login/16/lib/node_modules/express/lib/router/index.js:521:19)
    at Object.<anonymous> (/home/alcrroro/login/routes/login.js:13:8)
    at Module._compile (node:internal/modules/cjs/loader:1105:14)
    at Object.Module._extensions..js (node:internal/modules/cjs/loader:1159:10)
    at Module.load (node:internal/modules/cjs/loader:981:32)
    at Function.Module._load (node:internal/modules/cjs/loader:822:12)
    at Module.require (node:internal/modules/cjs/loader:1005:19)
    at require (node:internal/modules/cjs/helpers:102:18)
    at Object.<anonymous> (/home/alcrroro/login/login.js:9:21)
Error: /home/alcrroro/login/views/login/login.ejs:1
 >> 1| <%- include('../includes/head.ejs') %>
    2| 
    3| 
    4| login

Could not find the include file "../includes/head.ejs"
    at getIncludePath (/home/alcrroro/nodevenv/login/16/lib/node_modules/ejs/lib/ejs.js:185:13)
    at includeFile (/home/alcrroro/nodevenv/login/16/lib/node_modules/ejs/lib/ejs.js:311:19)
    at include (/home/alcrroro/nodevenv/login/16/lib/node_modules/ejs/lib/ejs.js:701:16)
    at eval ("/home/alcrroro/login/views/login/login.ejs":10:17)
    at login (/home/alcrroro/nodevenv/login/16/lib/node_modules/ejs/lib/ejs.js:703:17)
    at tryHandleCache (/home/alcrroro/nodevenv/login/16/lib/node_modules/ejs/lib/ejs.js:274:36)
    at View.exports.renderFile [as engine] (/home/alcrroro/nodevenv/login/16/lib/node_modules/ejs/lib/ejs.js:491:10)
    at View.render (/home/alcrroro/nodevenv/login/16/lib/node_modules/express/lib/view.js:135:8)
    at tryRender (/home/alcrroro/nodevenv/login/16/lib/node_modules/express/lib/application.js:657:10)
    at Function.render (/home/alcrroro/nodevenv/login/16/lib/node_modules/express/lib/application.js:609:3)
Error: /home/alcrroro/login/views/login/login.ejs:1
 >> 1| <%- include('./index/views/includes/head.ejs') %>
    2| 
    3| 
    4| login

Could not find the include file "./index/views/includes/head.ejs"
    at getIncludePath (/home/alcrroro/nodevenv/login/16/lib/node_modules/ejs/lib/ejs.js:185:13)
    at includeFile (/home/alcrroro/nodevenv/login/16/lib/node_modules/ejs/lib/ejs.js:311:19)
    at include (/home/alcrroro/nodevenv/login/16/lib/node_modules/ejs/lib/ejs.js:701:16)
    at eval ("/home/alcrroro/login/views/login/login.ejs":10:17)
    at login (/home/alcrroro/nodevenv/login/16/lib/node_modules/ejs/lib/ejs.js:703:17)
    at tryHandleCache (/home/alcrroro/nodevenv/login/16/lib/node_modules/ejs/lib/ejs.js:274:36)
    at View.exports.renderFile [as engine] (/home/alcrroro/nodevenv/login/16/lib/node_modules/ejs/lib/ejs.js:491:10)
    at View.render (/home/alcrroro/nodevenv/login/16/lib/node_modules/express/lib/view.js:135:8)
    at tryRender (/home/alcrroro/nodevenv/login/16/lib/node_modules/express/lib/application.js:657:10)
    at Function.render (/home/alcrroro/nodevenv/login/16/lib/node_modules/express/lib/application.js:609:3)
Error: /home/alcrroro/login/views/login/login.ejs:1
 >> 1| <%- include('../index/views/includes/head.ejs') %>
    2| 
    3| 
    4| login

Could not find the include file "../index/views/includes/head.ejs"
    at getIncludePath (/home/alcrroro/nodevenv/login/16/lib/node_modules/ejs/lib/ejs.js:185:13)
    at includeFile (/home/alcrroro/nodevenv/login/16/lib/node_modules/ejs/lib/ejs.js:311:19)
    at include (/home/alcrroro/nodevenv/login/16/lib/node_modules/ejs/lib/ejs.js:701:16)
    at eval ("/home/alcrroro/login/views/login/login.ejs":10:17)
    at login (/home/alcrroro/nodevenv/login/16/lib/node_modules/ejs/lib/ejs.js:703:17)
    at tryHandleCache (/home/alcrroro/nodevenv/login/16/lib/node_modules/ejs/lib/ejs.js:274:36)
    at View.exports.renderFile [as engine] (/home/alcrroro/nodevenv/login/16/lib/node_modules/ejs/lib/ejs.js:491:10)
    at View.render (/home/alcrroro/nodevenv/login/16/lib/node_modules/express/lib/view.js:135:8)
    at tryRender (/home/alcrroro/nodevenv/login/16/lib/node_modules/express/lib/application.js:657:10)
    at Function.render (/home/alcrroro/nodevenv/login/16/lib/node_modules/express/lib/application.js:609:3)
Error: /home/alcrroro/login/views/login/login.ejs:1
 >> 1| <%- include('../views/includes/head.ejs') %>
    2| 
    3| 
    4| login

Could not find the include file "../views/includes/head.ejs"
    at getIncludePath (/home/alcrroro/nodevenv/login/16/lib/node_modules/ejs/lib/ejs.js:185:13)
    at includeFile (/home/alcrroro/nodevenv/login/16/lib/node_modules/ejs/lib/ejs.js:311:19)
    at include (/home/alcrroro/nodevenv/login/16/lib/node_modules/ejs/lib/ejs.js:701:16)
    at eval ("/home/alcrroro/login/views/login/login.ejs":10:17)
    at login (/home/alcrroro/nodevenv/login/16/lib/node_modules/ejs/lib/ejs.js:703:17)
    at tryHandleCache (/home/alcrroro/nodevenv/login/16/lib/node_modules/ejs/lib/ejs.js:274:36)
    at View.exports.renderFile [as engine] (/home/alcrroro/nodevenv/login/16/lib/node_modules/ejs/lib/ejs.js:491:10)
    at View.render (/home/alcrroro/nodevenv/login/16/lib/node_modules/express/lib/view.js:135:8)
    at tryRender (/home/alcrroro/nodevenv/login/16/lib/node_modules/express/lib/application.js:657:10)
    at Function.render (/home/alcrroro/nodevenv/login/16/lib/node_modules/express/lib/application.js:609:3)
Error: /home/alcrroro/login/views/login/login.ejs:1
 >> 1| <%- include('./views/includes/head.ejs') %>
    2| 
    3| 
    4| login

Could not find the include file "./views/includes/head.ejs"
    at getIncludePath (/home/alcrroro/nodevenv/login/16/lib/node_modules/ejs/lib/ejs.js:185:13)
    at includeFile (/home/alcrroro/nodevenv/login/16/lib/node_modules/ejs/lib/ejs.js:311:19)
    at include (/home/alcrroro/nodevenv/login/16/lib/node_modules/ejs/lib/ejs.js:701:16)
    at eval ("/home/alcrroro/login/views/login/login.ejs":10:17)
    at login (/home/alcrroro/nodevenv/login/16/lib/node_modules/ejs/lib/ejs.js:703:17)
    at tryHandleCache (/home/alcrroro/nodevenv/login/16/lib/node_modules/ejs/lib/ejs.js:274:36)
    at View.exports.renderFile [as engine] (/home/alcrroro/nodevenv/login/16/lib/node_modules/ejs/lib/ejs.js:491:10)
    at View.render (/home/alcrroro/nodevenv/login/16/lib/node_modules/express/lib/view.js:135:8)
    at tryRender (/home/alcrroro/nodevenv/login/16/lib/node_modules/express/lib/application.js:657:10)
    at Function.render (/home/alcrroro/nodevenv/login/16/lib/node_modules/express/lib/application.js:609:3)
Error: /home/alcrroro/login/views/login/login.ejs:1
 >> 1| <%- include('./views/includes/head.ejs') %>
    2| 
    3| 
    4| login

Could not find the include file "./views/includes/head.ejs"
    at getIncludePath (/home/alcrroro/nodevenv/login/16/lib/node_modules/ejs/lib/ejs.js:185:13)
    at includeFile (/home/alcrroro/nodevenv/login/16/lib/node_modules/ejs/lib/ejs.js:311:19)
    at include (/home/alcrroro/nodevenv/login/16/lib/node_modules/ejs/lib/ejs.js:701:16)
    at eval ("/home/alcrroro/login/views/login/login.ejs":10:17)
    at login (/home/alcrroro/nodevenv/login/16/lib/node_modules/ejs/lib/ejs.js:703:17)
    at tryHandleCache (/home/alcrroro/nodevenv/login/16/lib/node_modules/ejs/lib/ejs.js:274:36)
    at View.exports.renderFile [as engine] (/home/alcrroro/nodevenv/login/16/lib/node_modules/ejs/lib/ejs.js:491:10)
    at View.render (/home/alcrroro/nodevenv/login/16/lib/node_modules/express/lib/view.js:135:8)
    at tryRender (/home/alcrroro/nodevenv/login/16/lib/node_modules/express/lib/application.js:657:10)
    at Function.render (/home/alcrroro/nodevenv/login/16/lib/node_modules/express/lib/application.js:609:3)
Error: /home/alcrroro/login/views/login/login.ejs:1
 >> 1| <%- include('./includes/head.ejs') %>
    2| 
    3| 
    4| login

Could not find the include file "./includes/head.ejs"
    at getIncludePath (/home/alcrroro/nodevenv/login/16/lib/node_modules/ejs/lib/ejs.js:185:13)
    at includeFile (/home/alcrroro/nodevenv/login/16/lib/node_modules/ejs/lib/ejs.js:311:19)
    at include (/home/alcrroro/nodevenv/login/16/lib/node_modules/ejs/lib/ejs.js:701:16)
    at eval ("/home/alcrroro/login/views/login/login.ejs":10:17)
    at login (/home/alcrroro/nodevenv/login/16/lib/node_modules/ejs/lib/ejs.js:703:17)
    at tryHandleCache (/home/alcrroro/nodevenv/login/16/lib/node_modules/ejs/lib/ejs.js:274:36)
    at View.exports.renderFile [as engine] (/home/alcrroro/nodevenv/login/16/lib/node_modules/ejs/lib/ejs.js:491:10)
    at View.render (/home/alcrroro/nodevenv/login/16/lib/node_modules/express/lib/view.js:135:8)
    at tryRender (/home/alcrroro/nodevenv/login/16/lib/node_modules/express/lib/application.js:657:10)
    at Function.render (/home/alcrroro/nodevenv/login/16/lib/node_modules/express/lib/application.js:609:3)
Error: /home/alcrroro/login/views/login/login.ejs:1
 >> 1| <%- include('../includes/head.ejs') %>
    2| 
    3| 
    4| login

Could not find the include file "../includes/head.ejs"
    at getIncludePath (/home/alcrroro/nodevenv/login/16/lib/node_modules/ejs/lib/ejs.js:185:13)
    at includeFile (/home/alcrroro/nodevenv/login/16/lib/node_modules/ejs/lib/ejs.js:311:19)
    at include (/home/alcrroro/nodevenv/login/16/lib/node_modules/ejs/lib/ejs.js:701:16)
    at eval ("/home/alcrroro/login/views/login/login.ejs":10:17)
    at login (/home/alcrroro/nodevenv/login/16/lib/node_modules/ejs/lib/ejs.js:703:17)
    at tryHandleCache (/home/alcrroro/nodevenv/login/16/lib/node_modules/ejs/lib/ejs.js:274:36)
    at View.exports.renderFile [as engine] (/home/alcrroro/nodevenv/login/16/lib/node_modules/ejs/lib/ejs.js:491:10)
    at View.render (/home/alcrroro/nodevenv/login/16/lib/node_modules/express/lib/view.js:135:8)
    at tryRender (/home/alcrroro/nodevenv/login/16/lib/node_modules/express/lib/application.js:657:10)
    at Function.render (/home/alcrroro/nodevenv/login/16/lib/node_modules/express/lib/application.js:609:3)
Error: /home/alcrroro/login/views/login/login.ejs:1
 >> 1| <%- include('/index/views/includes/head.ejs') %>
    2| 
    3| 
    4| login

ENOENT: no such file or directory, open '/index/views/includes/head.ejs'
    at Object.openSync (node:fs:585:3)
    at Object.readFileSync [as fileLoader] (node:fs:453:35)
    at fileLoader (/home/alcrroro/nodevenv/login/16/lib/node_modules/ejs/lib/ejs.js:293:18)
    at handleCache (/home/alcrroro/nodevenv/login/16/lib/node_modules/ejs/lib/ejs.js:233:16)
    at includeFile (/home/alcrroro/nodevenv/login/16/lib/node_modules/ejs/lib/ejs.js:323:10)
    at include (/home/alcrroro/nodevenv/login/16/lib/node_modules/ejs/lib/ejs.js:701:16)
    at eval ("/home/alcrroro/login/views/login/login.ejs":10:17)
    at login (/home/alcrroro/nodevenv/login/16/lib/node_modules/ejs/lib/ejs.js:703:17)
    at tryHandleCache (/home/alcrroro/nodevenv/login/16/lib/node_modules/ejs/lib/ejs.js:274:36)
    at View.exports.renderFile [as engine] (/home/alcrroro/nodevenv/login/16/lib/node_modules/ejs/lib/ejs.js:491:10)
Error: /home/alcrroro/login/views/login/login.ejs:1
 >> 1| <%- include('./index/views/includes/head.ejs') %>
    2| 
    3| 
    4| login

Could not find the include file "./index/views/includes/head.ejs"
    at getIncludePath (/home/alcrroro/nodevenv/login/16/lib/node_modules/ejs/lib/ejs.js:185:13)
    at includeFile (/home/alcrroro/nodevenv/login/16/lib/node_modules/ejs/lib/ejs.js:311:19)
    at include (/home/alcrroro/nodevenv/login/16/lib/node_modules/ejs/lib/ejs.js:701:16)
    at eval ("/home/alcrroro/login/views/login/login.ejs":10:17)
    at login (/home/alcrroro/nodevenv/login/16/lib/node_modules/ejs/lib/ejs.js:703:17)
    at tryHandleCache (/home/alcrroro/nodevenv/login/16/lib/node_modules/ejs/lib/ejs.js:274:36)
    at View.exports.renderFile [as engine] (/home/alcrroro/nodevenv/login/16/lib/node_modules/ejs/lib/ejs.js:491:10)
    at View.render (/home/alcrroro/nodevenv/login/16/lib/node_modules/express/lib/view.js:135:8)
    at tryRender (/home/alcrroro/nodevenv/login/16/lib/node_modules/express/lib/application.js:657:10)
    at Function.render (/home/alcrroro/nodevenv/login/16/lib/node_modules/express/lib/application.js:609:3)
Error: /home/alcrroro/login/views/login/login.ejs:1
 >> 1| <%- include('../index/views/includes/head.ejs') %>
    2| 
    3| 
    4| login

Could not find the include file "../index/views/includes/head.ejs"
    at getIncludePath (/home/alcrroro/nodevenv/login/16/lib/node_modules/ejs/lib/ejs.js:185:13)
    at includeFile (/home/alcrroro/nodevenv/login/16/lib/node_modules/ejs/lib/ejs.js:311:19)
    at include (/home/alcrroro/nodevenv/login/16/lib/node_modules/ejs/lib/ejs.js:701:16)
    at eval ("/home/alcrroro/login/views/login/login.ejs":10:17)
    at login (/home/alcrroro/nodevenv/login/16/lib/node_modules/ejs/lib/ejs.js:703:17)
    at tryHandleCache (/home/alcrroro/nodevenv/login/16/lib/node_modules/ejs/lib/ejs.js:274:36)
    at View.exports.renderFile [as engine] (/home/alcrroro/nodevenv/login/16/lib/node_modules/ejs/lib/ejs.js:491:10)
    at View.render (/home/alcrroro/nodevenv/login/16/lib/node_modules/express/lib/view.js:135:8)
    at tryRender (/home/alcrroro/nodevenv/login/16/lib/node_modules/express/lib/application.js:657:10)
    at Function.render (/home/alcrroro/nodevenv/login/16/lib/node_modules/express/lib/application.js:609:3)
Error: /home/alcrroro/login/views/login/login.ejs:1
 >> 1| <%- include('../index/views/includes/head.ejs') %>
    2| 
    3| 
    4| login

Could not find the include file "../index/views/includes/head.ejs"
    at getIncludePath (/home/alcrroro/nodevenv/login/16/lib/node_modules/ejs/lib/ejs.js:185:13)
    at includeFile (/home/alcrroro/nodevenv/login/16/lib/node_modules/ejs/lib/ejs.js:311:19)
    at include (/home/alcrroro/nodevenv/login/16/lib/node_modules/ejs/lib/ejs.js:701:16)
    at eval ("/home/alcrroro/login/views/login/login.ejs":10:17)
    at login (/home/alcrroro/nodevenv/login/16/lib/node_modules/ejs/lib/ejs.js:703:17)
    at tryHandleCache (/home/alcrroro/nodevenv/login/16/lib/node_modules/ejs/lib/ejs.js:274:36)
    at View.exports.renderFile [as engine] (/home/alcrroro/nodevenv/login/16/lib/node_modules/ejs/lib/ejs.js:491:10)
    at View.render (/home/alcrroro/nodevenv/login/16/lib/node_modules/express/lib/view.js:135:8)
    at tryRender (/home/alcrroro/nodevenv/login/16/lib/node_modules/express/lib/application.js:657:10)
    at Function.render (/home/alcrroro/nodevenv/login/16/lib/node_modules/express/lib/application.js:609:3)
Error: /home/alcrroro/login/views/login/login.ejs:1
 >> 1| <%- include('../index/views/includes/head.ejs') %>
    2| 
    3| 
    4| login

Could not find the include file "../index/views/includes/head.ejs"
    at getIncludePath (/home/alcrroro/nodevenv/login/16/lib/node_modules/ejs/lib/ejs.js:185:13)
    at includeFile (/home/alcrroro/nodevenv/login/16/lib/node_modules/ejs/lib/ejs.js:311:19)
    at include (/home/alcrroro/nodevenv/login/16/lib/node_modules/ejs/lib/ejs.js:701:16)
    at eval ("/home/alcrroro/login/views/login/login.ejs":10:17)
    at login (/home/alcrroro/nodevenv/login/16/lib/node_modules/ejs/lib/ejs.js:703:17)
    at tryHandleCache (/home/alcrroro/nodevenv/login/16/lib/node_modules/ejs/lib/ejs.js:274:36)
    at View.exports.renderFile [as engine] (/home/alcrroro/nodevenv/login/16/lib/node_modules/ejs/lib/ejs.js:491:10)
    at View.render (/home/alcrroro/nodevenv/login/16/lib/node_modules/express/lib/view.js:135:8)
    at tryRender (/home/alcrroro/nodevenv/login/16/lib/node_modules/express/lib/application.js:657:10)
    at Function.render (/home/alcrroro/nodevenv/login/16/lib/node_modules/express/lib/application.js:609:3)
Error: /home/alcrroro/login/views/login/login.ejs:1
 >> 1| <%- include('./includes/head.ejs') %>
    2| 
    3| 
    4| login

Could not find the include file "./includes/head.ejs"
    at getIncludePath (/home/alcrroro/nodevenv/login/16/lib/node_modules/ejs/lib/ejs.js:185:13)
    at includeFile (/home/alcrroro/nodevenv/login/16/lib/node_modules/ejs/lib/ejs.js:311:19)
    at include (/home/alcrroro/nodevenv/login/16/lib/node_modules/ejs/lib/ejs.js:701:16)
    at eval ("/home/alcrroro/login/views/login/login.ejs":10:17)
    at login (/home/alcrroro/nodevenv/login/16/lib/node_modules/ejs/lib/ejs.js:703:17)
    at tryHandleCache (/home/alcrroro/nodevenv/login/16/lib/node_modules/ejs/lib/ejs.js:274:36)
    at View.exports.renderFile [as engine] (/home/alcrroro/nodevenv/login/16/lib/node_modules/ejs/lib/ejs.js:491:10)
    at View.render (/home/alcrroro/nodevenv/login/16/lib/node_modules/express/lib/view.js:135:8)
    at tryRender (/home/alcrroro/nodevenv/login/16/lib/node_modules/express/lib/application.js:657:10)
    at Function.render (/home/alcrroro/nodevenv/login/16/lib/node_modules/express/lib/application.js:609:3)
Error: /home/alcrroro/login/views/login/login.ejs:1
 >> 1| <%- include('../includes/head.ejs') %>
    2| 
    3| 
    4| login

Could not find the include file "../includes/head.ejs"
    at getIncludePath (/home/alcrroro/nodevenv/login/16/lib/node_modules/ejs/lib/ejs.js:185:13)
    at includeFile (/home/alcrroro/nodevenv/login/16/lib/node_modules/ejs/lib/ejs.js:311:19)
    at include (/home/alcrroro/nodevenv/login/16/lib/node_modules/ejs/lib/ejs.js:701:16)
    at eval ("/home/alcrroro/login/views/login/login.ejs":10:17)
    at login (/home/alcrroro/nodevenv/login/16/lib/node_modules/ejs/lib/ejs.js:703:17)
    at tryHandleCache (/home/alcrroro/nodevenv/login/16/lib/node_modules/ejs/lib/ejs.js:274:36)
    at View.exports.renderFile [as engine] (/home/alcrroro/nodevenv/login/16/lib/node_modules/ejs/lib/ejs.js:491:10)
    at View.render (/home/alcrroro/nodevenv/login/16/lib/node_modules/express/lib/view.js:135:8)
    at tryRender (/home/alcrroro/nodevenv/login/16/lib/node_modules/express/lib/application.js:657:10)
    at Function.render (/home/alcrroro/nodevenv/login/16/lib/node_modules/express/lib/application.js:609:3)
Error: /home/alcrroro/login/views/login/login.ejs:1
 >> 1| <%- include('..index/includes/head.ejs') %>
    2| 
    3| 
    4| login

Could not find the include file "..index/includes/head.ejs"
    at getIncludePath (/home/alcrroro/nodevenv/login/16/lib/node_modules/ejs/lib/ejs.js:185:13)
    at includeFile (/home/alcrroro/nodevenv/login/16/lib/node_modules/ejs/lib/ejs.js:311:19)
    at include (/home/alcrroro/nodevenv/login/16/lib/node_modules/ejs/lib/ejs.js:701:16)
    at eval ("/home/alcrroro/login/views/login/login.ejs":10:17)
    at login (/home/alcrroro/nodevenv/login/16/lib/node_modules/ejs/lib/ejs.js:703:17)
    at tryHandleCache (/home/alcrroro/nodevenv/login/16/lib/node_modules/ejs/lib/ejs.js:274:36)
    at View.exports.renderFile [as engine] (/home/alcrroro/nodevenv/login/16/lib/node_modules/ejs/lib/ejs.js:491:10)
    at View.render (/home/alcrroro/nodevenv/login/16/lib/node_modules/express/lib/view.js:135:8)
    at tryRender (/home/alcrroro/nodevenv/login/16/lib/node_modules/express/lib/application.js:657:10)
    at Function.render (/home/alcrroro/nodevenv/login/16/lib/node_modules/express/lib/application.js:609:3)
Error: /home/alcrroro/login/views/login/login.ejs:1
 >> 1| <%- include('../index/includes/head.ejs') %>
    2| 
    3| 
    4| login

Could not find the include file "../index/includes/head.ejs"
    at getIncludePath (/home/alcrroro/nodevenv/login/16/lib/node_modules/ejs/lib/ejs.js:185:13)
    at includeFile (/home/alcrroro/nodevenv/login/16/lib/node_modules/ejs/lib/ejs.js:311:19)
    at include (/home/alcrroro/nodevenv/login/16/lib/node_modules/ejs/lib/ejs.js:701:16)
    at eval ("/home/alcrroro/login/views/login/login.ejs":10:17)
    at login (/home/alcrroro/nodevenv/login/16/lib/node_modules/ejs/lib/ejs.js:703:17)
    at tryHandleCache (/home/alcrroro/nodevenv/login/16/lib/node_modules/ejs/lib/ejs.js:274:36)
    at View.exports.renderFile [as engine] (/home/alcrroro/nodevenv/login/16/lib/node_modules/ejs/lib/ejs.js:491:10)
    at View.render (/home/alcrroro/nodevenv/login/16/lib/node_modules/express/lib/view.js:135:8)
    at tryRender (/home/alcrroro/nodevenv/login/16/lib/node_modules/express/lib/application.js:657:10)
    at Function.render (/home/alcrroro/nodevenv/login/16/lib/node_modules/express/lib/application.js:609:3)
Error: /home/alcrroro/login/views/login/login.ejs:1
 >> 1| <%- include('./index/includes/head.ejs') %>
    2| 
    3| 
    4| login

Could not find the include file "./index/includes/head.ejs"
    at getIncludePath (/home/alcrroro/nodevenv/login/16/lib/node_modules/ejs/lib/ejs.js:185:13)
    at includeFile (/home/alcrroro/nodevenv/login/16/lib/node_modules/ejs/lib/ejs.js:311:19)
    at include (/home/alcrroro/nodevenv/login/16/lib/node_modules/ejs/lib/ejs.js:701:16)
    at eval ("/home/alcrroro/login/views/login/login.ejs":10:17)
    at login (/home/alcrroro/nodevenv/login/16/lib/node_modules/ejs/lib/ejs.js:703:17)
    at tryHandleCache (/home/alcrroro/nodevenv/login/16/lib/node_modules/ejs/lib/ejs.js:274:36)
    at View.exports.renderFile [as engine] (/home/alcrroro/nodevenv/login/16/lib/node_modules/ejs/lib/ejs.js:491:10)
    at View.render (/home/alcrroro/nodevenv/login/16/lib/node_modules/express/lib/view.js:135:8)
    at tryRender (/home/alcrroro/nodevenv/login/16/lib/node_modules/express/lib/application.js:657:10)
    at Function.render (/home/alcrroro/nodevenv/login/16/lib/node_modules/express/lib/application.js:609:3)
Error: /home/alcrroro/login/views/login/login.ejs:1
 >> 1| <%- include('..head.ejs') %>
    2| 
    3| 
    4| login

Could not find the include file "..head.ejs"
    at getIncludePath (/home/alcrroro/nodevenv/login/16/lib/node_modules/ejs/lib/ejs.js:185:13)
    at includeFile (/home/alcrroro/nodevenv/login/16/lib/node_modules/ejs/lib/ejs.js:311:19)
    at include (/home/alcrroro/nodevenv/login/16/lib/node_modules/ejs/lib/ejs.js:701:16)
    at eval ("/home/alcrroro/login/views/login/login.ejs":10:17)
    at login (/home/alcrroro/nodevenv/login/16/lib/node_modules/ejs/lib/ejs.js:703:17)
    at tryHandleCache (/home/alcrroro/nodevenv/login/16/lib/node_modules/ejs/lib/ejs.js:274:36)
    at View.exports.renderFile [as engine] (/home/alcrroro/nodevenv/login/16/lib/node_modules/ejs/lib/ejs.js:491:10)
    at View.render (/home/alcrroro/nodevenv/login/16/lib/node_modules/express/lib/view.js:135:8)
    at tryRender (/home/alcrroro/nodevenv/login/16/lib/node_modules/express/lib/application.js:657:10)
    at Function.render (/home/alcrroro/nodevenv/login/16/lib/node_modules/express/lib/application.js:609:3)
Error: /home/alcrroro/login/views/login/login.ejs:1
 >> 1| <%- include('../head.ejs') %>
    2| 
    3| 
    4| login

Could not find the include file "../head.ejs"
    at getIncludePath (/home/alcrroro/nodevenv/login/16/lib/node_modules/ejs/lib/ejs.js:185:13)
    at includeFile (/home/alcrroro/nodevenv/login/16/lib/node_modules/ejs/lib/ejs.js:311:19)
    at include (/home/alcrroro/nodevenv/login/16/lib/node_modules/ejs/lib/ejs.js:701:16)
    at eval ("/home/alcrroro/login/views/login/login.ejs":10:17)
    at login (/home/alcrroro/nodevenv/login/16/lib/node_modules/ejs/lib/ejs.js:703:17)
    at tryHandleCache (/home/alcrroro/nodevenv/login/16/lib/node_modules/ejs/lib/ejs.js:274:36)
    at View.exports.renderFile [as engine] (/home/alcrroro/nodevenv/login/16/lib/node_modules/ejs/lib/ejs.js:491:10)
    at View.render (/home/alcrroro/nodevenv/login/16/lib/node_modules/express/lib/view.js:135:8)
    at tryRender (/home/alcrroro/nodevenv/login/16/lib/node_modules/express/lib/application.js:657:10)
    at Function.render (/home/alcrroro/nodevenv/login/16/lib/node_modules/express/lib/application.js:609:3)
Error: /home/alcrroro/login/views/login/login.ejs:1
 >> 1| <%- include('../head.ejs') %>
    2| 
    3| 
    4| login

Could not find the include file "../head.ejs"
    at getIncludePath (/home/alcrroro/nodevenv/login/16/lib/node_modules/ejs/lib/ejs.js:185:13)
    at includeFile (/home/alcrroro/nodevenv/login/16/lib/node_modules/ejs/lib/ejs.js:311:19)
    at include (/home/alcrroro/nodevenv/login/16/lib/node_modules/ejs/lib/ejs.js:701:16)
    at eval ("/home/alcrroro/login/views/login/login.ejs":10:17)
    at login (/home/alcrroro/nodevenv/login/16/lib/node_modules/ejs/lib/ejs.js:703:17)
    at tryHandleCache (/home/alcrroro/nodevenv/login/16/lib/node_modules/ejs/lib/ejs.js:274:36)
    at View.exports.renderFile [as engine] (/home/alcrroro/nodevenv/login/16/lib/node_modules/ejs/lib/ejs.js:491:10)
    at View.render (/home/alcrroro/nodevenv/login/16/lib/node_modules/express/lib/view.js:135:8)
    at tryRender (/home/alcrroro/nodevenv/login/16/lib/node_modules/express/lib/application.js:657:10)
    at Function.render (/home/alcrroro/nodevenv/login/16/lib/node_modules/express/lib/application.js:609:3)
Error: /home/alcrroro/login/views/login/login.ejs:1
 >> 1| <%- include('./head.ejs') %>
    2| 
    3| 
    4| login

Could not find the include file "./head.ejs"
    at getIncludePath (/home/alcrroro/nodevenv/login/16/lib/node_modules/ejs/lib/ejs.js:185:13)
    at includeFile (/home/alcrroro/nodevenv/login/16/lib/node_modules/ejs/lib/ejs.js:311:19)
    at include (/home/alcrroro/nodevenv/login/16/lib/node_modules/ejs/lib/ejs.js:701:16)
    at eval ("/home/alcrroro/login/views/login/login.ejs":10:17)
    at login (/home/alcrroro/nodevenv/login/16/lib/node_modules/ejs/lib/ejs.js:703:17)
    at tryHandleCache (/home/alcrroro/nodevenv/login/16/lib/node_modules/ejs/lib/ejs.js:274:36)
    at View.exports.renderFile [as engine] (/home/alcrroro/nodevenv/login/16/lib/node_modules/ejs/lib/ejs.js:491:10)
    at View.render (/home/alcrroro/nodevenv/login/16/lib/node_modules/express/lib/view.js:135:8)
    at tryRender (/home/alcrroro/nodevenv/login/16/lib/node_modules/express/lib/application.js:657:10)
    at Function.render (/home/alcrroro/nodevenv/login/16/lib/node_modules/express/lib/application.js:609:3)
Error: /home/alcrroro/login/views/login/login.ejs:1
 >> 1| <%- include('../head.ejs') %>
    2| 
    3| 
    4| login

Could not find the include file "../head.ejs"
    at getIncludePath (/home/alcrroro/nodevenv/login/16/lib/node_modules/ejs/lib/ejs.js:185:13)
    at includeFile (/home/alcrroro/nodevenv/login/16/lib/node_modules/ejs/lib/ejs.js:311:19)
    at include (/home/alcrroro/nodevenv/login/16/lib/node_modules/ejs/lib/ejs.js:701:16)
    at eval ("/home/alcrroro/login/views/login/login.ejs":10:17)
    at login (/home/alcrroro/nodevenv/login/16/lib/node_modules/ejs/lib/ejs.js:703:17)
    at tryHandleCache (/home/alcrroro/nodevenv/login/16/lib/node_modules/ejs/lib/ejs.js:274:36)
    at View.exports.renderFile [as engine] (/home/alcrroro/nodevenv/login/16/lib/node_modules/ejs/lib/ejs.js:491:10)
    at View.render (/home/alcrroro/nodevenv/login/16/lib/node_modules/express/lib/view.js:135:8)
    at tryRender (/home/alcrroro/nodevenv/login/16/lib/node_modules/express/lib/application.js:657:10)
    at Function.render (/home/alcrroro/nodevenv/login/16/lib/node_modules/express/lib/application.js:609:3)
Error: /home/alcrroro/login/views/login/login.ejs:1
 >> 1| <%- include('../index/views/includes/head.ejs') %>
    2| 
    3| 
    4| login

Could not find the include file "../index/views/includes/head.ejs"
    at getIncludePath (/home/alcrroro/nodevenv/login/16/lib/node_modules/ejs/lib/ejs.js:185:13)
    at includeFile (/home/alcrroro/nodevenv/login/16/lib/node_modules/ejs/lib/ejs.js:311:19)
    at include (/home/alcrroro/nodevenv/login/16/lib/node_modules/ejs/lib/ejs.js:701:16)
    at eval ("/home/alcrroro/login/views/login/login.ejs":10:17)
    at login (/home/alcrroro/nodevenv/login/16/lib/node_modules/ejs/lib/ejs.js:703:17)
    at tryHandleCache (/home/alcrroro/nodevenv/login/16/lib/node_modules/ejs/lib/ejs.js:274:36)
    at View.exports.renderFile [as engine] (/home/alcrroro/nodevenv/login/16/lib/node_modules/ejs/lib/ejs.js:491:10)
    at View.render (/home/alcrroro/nodevenv/login/16/lib/node_modules/express/lib/view.js:135:8)
    at tryRender (/home/alcrroro/nodevenv/login/16/lib/node_modules/express/lib/application.js:657:10)
    at Function.render (/home/alcrroro/nodevenv/login/16/lib/node_modules/express/lib/application.js:609:3)
Error: /home/alcrroro/login/views/login/login.ejs:1
 >> 1| <%- include('../index/views/includes/head.ejs') %>
    2| 
    3| 
    4| login

Could not find the include file "../index/views/includes/head.ejs"
    at getIncludePath (/home/alcrroro/nodevenv/login/16/lib/node_modules/ejs/lib/ejs.js:185:13)
    at includeFile (/home/alcrroro/nodevenv/login/16/lib/node_modules/ejs/lib/ejs.js:311:19)
    at include (/home/alcrroro/nodevenv/login/16/lib/node_modules/ejs/lib/ejs.js:701:16)
    at eval ("/home/alcrroro/login/views/login/login.ejs":10:17)
    at login (/home/alcrroro/nodevenv/login/16/lib/node_modules/ejs/lib/ejs.js:703:17)
    at tryHandleCache (/home/alcrroro/nodevenv/login/16/lib/node_modules/ejs/lib/ejs.js:274:36)
    at View.exports.renderFile [as engine] (/home/alcrroro/nodevenv/login/16/lib/node_modules/ejs/lib/ejs.js:491:10)
    at View.render (/home/alcrroro/nodevenv/login/16/lib/node_modules/express/lib/view.js:135:8)
    at tryRender (/home/alcrroro/nodevenv/login/16/lib/node_modules/express/lib/application.js:657:10)
    at Function.render (/home/alcrroro/nodevenv/login/16/lib/node_modules/express/lib/application.js:609:3)
Error: /home/alcrroro/login/views/login/login.ejs:1
 >> 1| <%- include('../index/views/includes/head.ejs') %>
    2| 
    3| 
    4| login

Could not find the include file "../index/views/includes/head.ejs"
    at getIncludePath (/home/alcrroro/nodevenv/login/16/lib/node_modules/ejs/lib/ejs.js:185:13)
    at includeFile (/home/alcrroro/nodevenv/login/16/lib/node_modules/ejs/lib/ejs.js:311:19)
    at include (/home/alcrroro/nodevenv/login/16/lib/node_modules/ejs/lib/ejs.js:701:16)
    at eval ("/home/alcrroro/login/views/login/login.ejs":10:17)
    at login (/home/alcrroro/nodevenv/login/16/lib/node_modules/ejs/lib/ejs.js:703:17)
    at tryHandleCache (/home/alcrroro/nodevenv/login/16/lib/node_modules/ejs/lib/ejs.js:274:36)
    at View.exports.renderFile [as engine] (/home/alcrroro/nodevenv/login/16/lib/node_modules/ejs/lib/ejs.js:491:10)
    at View.render (/home/alcrroro/nodevenv/login/16/lib/node_modules/express/lib/view.js:135:8)
    at tryRender (/home/alcrroro/nodevenv/login/16/lib/node_modules/express/lib/application.js:657:10)
    at Function.render (/home/alcrroro/nodevenv/login/16/lib/node_modules/express/lib/application.js:609:3)
Error: /home/alcrroro/login/views/login/login.ejs:1
 >> 1| <%- include('../index/views/includes/head.ejs') %>
    2| 
    3| 
    4| login

Could not find the include file "../index/views/includes/head.ejs"
    at getIncludePath (/home/alcrroro/nodevenv/login/16/lib/node_modules/ejs/lib/ejs.js:185:13)
    at includeFile (/home/alcrroro/nodevenv/login/16/lib/node_modules/ejs/lib/ejs.js:311:19)
    at include (/home/alcrroro/nodevenv/login/16/lib/node_modules/ejs/lib/ejs.js:701:16)
    at eval ("/home/alcrroro/login/views/login/login.ejs":10:17)
    at login (/home/alcrroro/nodevenv/login/16/lib/node_modules/ejs/lib/ejs.js:703:17)
    at tryHandleCache (/home/alcrroro/nodevenv/login/16/lib/node_modules/ejs/lib/ejs.js:274:36)
    at View.exports.renderFile [as engine] (/home/alcrroro/nodevenv/login/16/lib/node_modules/ejs/lib/ejs.js:491:10)
    at View.render (/home/alcrroro/nodevenv/login/16/lib/node_modules/express/lib/view.js:135:8)
    at tryRender (/home/alcrroro/nodevenv/login/16/lib/node_modules/express/lib/application.js:657:10)
    at Function.render (/home/alcrroro/nodevenv/login/16/lib/node_modules/express/lib/application.js:609:3)
Error: /home/alcrroro/login/views/login/login.ejs:1
 >> 1| <%- include('../index/views/includes/head.ejs') %>
    2| 
    3| 
    4| login

Could not find the include file "../index/views/includes/head.ejs"
    at getIncludePath (/home/alcrroro/nodevenv/login/16/lib/node_modules/ejs/lib/ejs.js:185:13)
    at includeFile (/home/alcrroro/nodevenv/login/16/lib/node_modules/ejs/lib/ejs.js:311:19)
    at include (/home/alcrroro/nodevenv/login/16/lib/node_modules/ejs/lib/ejs.js:701:16)
    at eval ("/home/alcrroro/login/views/login/login.ejs":10:17)
    at login (/home/alcrroro/nodevenv/login/16/lib/node_modules/ejs/lib/ejs.js:703:17)
    at tryHandleCache (/home/alcrroro/nodevenv/login/16/lib/node_modules/ejs/lib/ejs.js:274:36)
    at View.exports.renderFile [as engine] (/home/alcrroro/nodevenv/login/16/lib/node_modules/ejs/lib/ejs.js:491:10)
    at View.render (/home/alcrroro/nodevenv/login/16/lib/node_modules/express/lib/view.js:135:8)
    at tryRender (/home/alcrroro/nodevenv/login/16/lib/node_modules/express/lib/application.js:657:10)
    at Function.render (/home/alcrroro/nodevenv/login/16/lib/node_modules/express/lib/application.js:609:3)
Error: /home/alcrroro/login/views/login/login.ejs:2
    1| 
 >> 2| <%- include('../index/views/includes/head.ejs') %>
    3| 
    4| 
    5| login

Could not find the include file "../index/views/includes/head.ejs"
    at getIncludePath (/home/alcrroro/nodevenv/login/16/lib/node_modules/ejs/lib/ejs.js:185:13)
    at includeFile (/home/alcrroro/nodevenv/login/16/lib/node_modules/ejs/lib/ejs.js:311:19)
    at include (/home/alcrroro/nodevenv/login/16/lib/node_modules/ejs/lib/ejs.js:701:16)
    at eval ("/home/alcrroro/login/views/login/login.ejs":12:17)
    at login (/home/alcrroro/nodevenv/login/16/lib/node_modules/ejs/lib/ejs.js:703:17)
    at tryHandleCache (/home/alcrroro/nodevenv/login/16/lib/node_modules/ejs/lib/ejs.js:274:36)
    at View.exports.renderFile [as engine] (/home/alcrroro/nodevenv/login/16/lib/node_modules/ejs/lib/ejs.js:491:10)
    at View.render (/home/alcrroro/nodevenv/login/16/lib/node_modules/express/lib/view.js:135:8)
    at tryRender (/home/alcrroro/nodevenv/login/16/lib/node_modules/express/lib/application.js:657:10)
    at Function.render (/home/alcrroro/nodevenv/login/16/lib/node_modules/express/lib/application.js:609:3)
Error: /home/alcrroro/login/views/login/login.ejs:1
 >> 1| <%- include('../index/views/includes/head.ejs') %>
    2| 
    3| 
    4| login

Could not find the include file "../index/views/includes/head.ejs"
    at getIncludePath (/home/alcrroro/nodevenv/login/16/lib/node_modules/ejs/lib/ejs.js:185:13)
    at includeFile (/home/alcrroro/nodevenv/login/16/lib/node_modules/ejs/lib/ejs.js:311:19)
    at include (/home/alcrroro/nodevenv/login/16/lib/node_modules/ejs/lib/ejs.js:701:16)
    at eval ("/home/alcrroro/login/views/login/login.ejs":10:17)
    at login (/home/alcrroro/nodevenv/login/16/lib/node_modules/ejs/lib/ejs.js:703:17)
    at tryHandleCache (/home/alcrroro/nodevenv/login/16/lib/node_modules/ejs/lib/ejs.js:274:36)
    at View.exports.renderFile [as engine] (/home/alcrroro/nodevenv/login/16/lib/node_modules/ejs/lib/ejs.js:491:10)
    at View.render (/home/alcrroro/nodevenv/login/16/lib/node_modules/express/lib/view.js:135:8)
    at tryRender (/home/alcrroro/nodevenv/login/16/lib/node_modules/express/lib/application.js:657:10)
    at Function.render (/home/alcrroro/nodevenv/login/16/lib/node_modules/express/lib/application.js:609:3)
Error: /home/alcrroro/login/views/login/login.ejs:1
 >> 1| <%- include('./index/views/includes/head.ejs') %>
    2| 
    3| 
    4| login

Could not find the include file "./index/views/includes/head.ejs"
    at getIncludePath (/home/alcrroro/nodevenv/login/16/lib/node_modules/ejs/lib/ejs.js:185:13)
    at includeFile (/home/alcrroro/nodevenv/login/16/lib/node_modules/ejs/lib/ejs.js:311:19)
    at include (/home/alcrroro/nodevenv/login/16/lib/node_modules/ejs/lib/ejs.js:701:16)
    at eval ("/home/alcrroro/login/views/login/login.ejs":10:17)
    at login (/home/alcrroro/nodevenv/login/16/lib/node_modules/ejs/lib/ejs.js:703:17)
    at tryHandleCache (/home/alcrroro/nodevenv/login/16/lib/node_modules/ejs/lib/ejs.js:274:36)
    at View.exports.renderFile [as engine] (/home/alcrroro/nodevenv/login/16/lib/node_modules/ejs/lib/ejs.js:491:10)
    at View.render (/home/alcrroro/nodevenv/login/16/lib/node_modules/express/lib/view.js:135:8)
    at tryRender (/home/alcrroro/nodevenv/login/16/lib/node_modules/express/lib/application.js:657:10)
    at Function.render (/home/alcrroro/nodevenv/login/16/lib/node_modules/express/lib/application.js:609:3)
Error: /home/alcrroro/login/views/login/login.ejs:1
 >> 1| <%- include('/index/views/includes/head.ejs') %>
    2| 
    3| 
    4| login

ENOENT: no such file or directory, open '/index/views/includes/head.ejs'
    at Object.openSync (node:fs:585:3)
    at Object.readFileSync [as fileLoader] (node:fs:453:35)
    at fileLoader (/home/alcrroro/nodevenv/login/16/lib/node_modules/ejs/lib/ejs.js:293:18)
    at handleCache (/home/alcrroro/nodevenv/login/16/lib/node_modules/ejs/lib/ejs.js:233:16)
    at includeFile (/home/alcrroro/nodevenv/login/16/lib/node_modules/ejs/lib/ejs.js:323:10)
    at include (/home/alcrroro/nodevenv/login/16/lib/node_modules/ejs/lib/ejs.js:701:16)
    at eval ("/home/alcrroro/login/views/login/login.ejs":10:17)
    at login (/home/alcrroro/nodevenv/login/16/lib/node_modules/ejs/lib/ejs.js:703:17)
    at tryHandleCache (/home/alcrroro/nodevenv/login/16/lib/node_modules/ejs/lib/ejs.js:274:36)
    at View.exports.renderFile [as engine] (/home/alcrroro/nodevenv/login/16/lib/node_modules/ejs/lib/ejs.js:491:10)
Error: /home/alcrroro/login/views/login/login.ejs:1
 >> 1| <%- include('/index/views/includes/head.ejs') %>
    2| 
    3| 
    4| login

ENOENT: no such file or directory, open '/index/views/includes/head.ejs'
    at Object.openSync (node:fs:585:3)
    at Object.readFileSync [as fileLoader] (node:fs:453:35)
    at fileLoader (/home/alcrroro/nodevenv/login/16/lib/node_modules/ejs/lib/ejs.js:293:18)
    at handleCache (/home/alcrroro/nodevenv/login/16/lib/node_modules/ejs/lib/ejs.js:233:16)
    at includeFile (/home/alcrroro/nodevenv/login/16/lib/node_modules/ejs/lib/ejs.js:323:10)
    at include (/home/alcrroro/nodevenv/login/16/lib/node_modules/ejs/lib/ejs.js:701:16)
    at eval ("/home/alcrroro/login/views/login/login.ejs":10:17)
    at login (/home/alcrroro/nodevenv/login/16/lib/node_modules/ejs/lib/ejs.js:703:17)
    at tryHandleCache (/home/alcrroro/nodevenv/login/16/lib/node_modules/ejs/lib/ejs.js:274:36)
    at View.exports.renderFile [as engine] (/home/alcrroro/nodevenv/login/16/lib/node_modules/ejs/lib/ejs.js:491:10)
Error: /home/alcrroro/login/views/login/login.ejs:1
 >> 1| <%- include('./index/views/includes/head.ejs') %>
    2| 
    3| 
    4| login

Could not find the include file "./index/views/includes/head.ejs"
    at getIncludePath (/home/alcrroro/nodevenv/login/16/lib/node_modules/ejs/lib/ejs.js:185:13)
    at includeFile (/home/alcrroro/nodevenv/login/16/lib/node_modules/ejs/lib/ejs.js:311:19)
    at include (/home/alcrroro/nodevenv/login/16/lib/node_modules/ejs/lib/ejs.js:701:16)
    at eval ("/home/alcrroro/login/views/login/login.ejs":10:17)
    at login (/home/alcrroro/nodevenv/login/16/lib/node_modules/ejs/lib/ejs.js:703:17)
    at tryHandleCache (/home/alcrroro/nodevenv/login/16/lib/node_modules/ejs/lib/ejs.js:274:36)
    at View.exports.renderFile [as engine] (/home/alcrroro/nodevenv/login/16/lib/node_modules/ejs/lib/ejs.js:491:10)
    at View.render (/home/alcrroro/nodevenv/login/16/lib/node_modules/express/lib/view.js:135:8)
    at tryRender (/home/alcrroro/nodevenv/login/16/lib/node_modules/express/lib/application.js:657:10)
    at Function.render (/home/alcrroro/nodevenv/login/16/lib/node_modules/express/lib/application.js:609:3)
Error: /home/alcrroro/login/views/login/login.ejs:1
 >> 1| <%- include('./views/includes/head.ejs') %>
    2| 
    3| 
    4| login

Could not find the include file "./views/includes/head.ejs"
    at getIncludePath (/home/alcrroro/nodevenv/login/16/lib/node_modules/ejs/lib/ejs.js:185:13)
    at includeFile (/home/alcrroro/nodevenv/login/16/lib/node_modules/ejs/lib/ejs.js:311:19)
    at include (/home/alcrroro/nodevenv/login/16/lib/node_modules/ejs/lib/ejs.js:701:16)
    at eval ("/home/alcrroro/login/views/login/login.ejs":10:17)
    at login (/home/alcrroro/nodevenv/login/16/lib/node_modules/ejs/lib/ejs.js:703:17)
    at tryHandleCache (/home/alcrroro/nodevenv/login/16/lib/node_modules/ejs/lib/ejs.js:274:36)
    at View.exports.renderFile [as engine] (/home/alcrroro/nodevenv/login/16/lib/node_modules/ejs/lib/ejs.js:491:10)
    at View.render (/home/alcrroro/nodevenv/login/16/lib/node_modules/express/lib/view.js:135:8)
    at tryRender (/home/alcrroro/nodevenv/login/16/lib/node_modules/express/lib/application.js:657:10)
    at Function.render (/home/alcrroro/nodevenv/login/16/lib/node_modules/express/lib/application.js:609:3)
Error: /home/alcrroro/login/views/login/login.ejs:1
 >> 1| <%- include('./views/includes/head.ejs') %>
    2| 
    3| 
    4| login

Could not find the include file "./views/includes/head.ejs"
    at getIncludePath (/home/alcrroro/nodevenv/login/16/lib/node_modules/ejs/lib/ejs.js:185:13)
    at includeFile (/home/alcrroro/nodevenv/login/16/lib/node_modules/ejs/lib/ejs.js:311:19)
    at include (/home/alcrroro/nodevenv/login/16/lib/node_modules/ejs/lib/ejs.js:701:16)
    at eval ("/home/alcrroro/login/views/login/login.ejs":10:17)
    at login (/home/alcrroro/nodevenv/login/16/lib/node_modules/ejs/lib/ejs.js:703:17)
    at tryHandleCache (/home/alcrroro/nodevenv/login/16/lib/node_modules/ejs/lib/ejs.js:274:36)
    at View.exports.renderFile [as engine] (/home/alcrroro/nodevenv/login/16/lib/node_modules/ejs/lib/ejs.js:491:10)
    at View.render (/home/alcrroro/nodevenv/login/16/lib/node_modules/express/lib/view.js:135:8)
    at tryRender (/home/alcrroro/nodevenv/login/16/lib/node_modules/express/lib/application.js:657:10)
    at Function.render (/home/alcrroro/nodevenv/login/16/lib/node_modules/express/lib/application.js:609:3)
Error: /home/alcrroro/login/views/login/login.ejs:1
 >> 1| <%- include('../views/includes/head.ejs') %>
    2| 
    3| 
    4| login

Could not find the include file "../views/includes/head.ejs"
    at getIncludePath (/home/alcrroro/nodevenv/login/16/lib/node_modules/ejs/lib/ejs.js:185:13)
    at includeFile (/home/alcrroro/nodevenv/login/16/lib/node_modules/ejs/lib/ejs.js:311:19)
    at include (/home/alcrroro/nodevenv/login/16/lib/node_modules/ejs/lib/ejs.js:701:16)
    at eval ("/home/alcrroro/login/views/login/login.ejs":10:17)
    at login (/home/alcrroro/nodevenv/login/16/lib/node_modules/ejs/lib/ejs.js:703:17)
    at tryHandleCache (/home/alcrroro/nodevenv/login/16/lib/node_modules/ejs/lib/ejs.js:274:36)
    at View.exports.renderFile [as engine] (/home/alcrroro/nodevenv/login/16/lib/node_modules/ejs/lib/ejs.js:491:10)
    at View.render (/home/alcrroro/nodevenv/login/16/lib/node_modules/express/lib/view.js:135:8)
    at tryRender (/home/alcrroro/nodevenv/login/16/lib/node_modules/express/lib/application.js:657:10)
    at Function.render (/home/alcrroro/nodevenv/login/16/lib/node_modules/express/lib/application.js:609:3)
Error: /home/alcrroro/login/views/login/login.ejs:1
 >> 1| <%- include('../index/views/includes/head.ejs') %>
    2| 
    3| 
    4| login

Could not find the include file "../index/views/includes/head.ejs"
    at getIncludePath (/home/alcrroro/nodevenv/login/16/lib/node_modules/ejs/lib/ejs.js:185:13)
    at includeFile (/home/alcrroro/nodevenv/login/16/lib/node_modules/ejs/lib/ejs.js:311:19)
    at include (/home/alcrroro/nodevenv/login/16/lib/node_modules/ejs/lib/ejs.js:701:16)
    at eval ("/home/alcrroro/login/views/login/login.ejs":10:17)
    at login (/home/alcrroro/nodevenv/login/16/lib/node_modules/ejs/lib/ejs.js:703:17)
    at tryHandleCache (/home/alcrroro/nodevenv/login/16/lib/node_modules/ejs/lib/ejs.js:274:36)
    at View.exports.renderFile [as engine] (/home/alcrroro/nodevenv/login/16/lib/node_modules/ejs/lib/ejs.js:491:10)
    at View.render (/home/alcrroro/nodevenv/login/16/lib/node_modules/express/lib/view.js:135:8)
    at tryRender (/home/alcrroro/nodevenv/login/16/lib/node_modules/express/lib/application.js:657:10)
    at Function.render (/home/alcrroro/nodevenv/login/16/lib/node_modules/express/lib/application.js:609:3)
Error: /home/alcrroro/login/views/login/login.ejs:1
 >> 1| <%- include('../index/views/includes/head.ejs') %>
    2| 
    3| 
    4| login

Could not find the include file "../index/views/includes/head.ejs"
    at getIncludePath (/home/alcrroro/nodevenv/login/16/lib/node_modules/ejs/lib/ejs.js:185:13)
    at includeFile (/home/alcrroro/nodevenv/login/16/lib/node_modules/ejs/lib/ejs.js:311:19)
    at include (/home/alcrroro/nodevenv/login/16/lib/node_modules/ejs/lib/ejs.js:701:16)
    at eval ("/home/alcrroro/login/views/login/login.ejs":10:17)
    at login (/home/alcrroro/nodevenv/login/16/lib/node_modules/ejs/lib/ejs.js:703:17)
    at tryHandleCache (/home/alcrroro/nodevenv/login/16/lib/node_modules/ejs/lib/ejs.js:274:36)
    at View.exports.renderFile [as engine] (/home/alcrroro/nodevenv/login/16/lib/node_modules/ejs/lib/ejs.js:491:10)
    at View.render (/home/alcrroro/nodevenv/login/16/lib/node_modules/express/lib/view.js:135:8)
    at tryRender (/home/alcrroro/nodevenv/login/16/lib/node_modules/express/lib/application.js:657:10)
    at Function.render (/home/alcrroro/nodevenv/login/16/lib/node_modules/express/lib/application.js:609:3)
Error: /home/alcrroro/login/views/login/login.ejs:1
 >> 1| <%- include('../index/views/includes/head.ejs') %>
    2| 
    3| 
    4| login

Could not find the include file "../index/views/includes/head.ejs"
    at getIncludePath (/home/alcrroro/nodevenv/login/16/lib/node_modules/ejs/lib/ejs.js:185:13)
    at includeFile (/home/alcrroro/nodevenv/login/16/lib/node_modules/ejs/lib/ejs.js:311:19)
    at include (/home/alcrroro/nodevenv/login/16/lib/node_modules/ejs/lib/ejs.js:701:16)
    at eval ("/home/alcrroro/login/views/login/login.ejs":10:17)
    at login (/home/alcrroro/nodevenv/login/16/lib/node_modules/ejs/lib/ejs.js:703:17)
    at tryHandleCache (/home/alcrroro/nodevenv/login/16/lib/node_modules/ejs/lib/ejs.js:274:36)
    at View.exports.renderFile [as engine] (/home/alcrroro/nodevenv/login/16/lib/node_modules/ejs/lib/ejs.js:491:10)
    at View.render (/home/alcrroro/nodevenv/login/16/lib/node_modules/express/lib/view.js:135:8)
    at tryRender (/home/alcrroro/nodevenv/login/16/lib/node_modules/express/lib/application.js:657:10)
    at Function.render (/home/alcrroro/nodevenv/login/16/lib/node_modules/express/lib/application.js:609:3)
Error: /home/alcrroro/login/views/login/login.ejs:1
 >> 1| <%- include('./index/views/includes/head.ejs') %>
    2| 
    3| 
    4| login

Could not find the include file "./index/views/includes/head.ejs"
    at getIncludePath (/home/alcrroro/nodevenv/login/16/lib/node_modules/ejs/lib/ejs.js:185:13)
    at includeFile (/home/alcrroro/nodevenv/login/16/lib/node_modules/ejs/lib/ejs.js:311:19)
    at include (/home/alcrroro/nodevenv/login/16/lib/node_modules/ejs/lib/ejs.js:701:16)
    at eval ("/home/alcrroro/login/views/login/login.ejs":10:17)
    at login (/home/alcrroro/nodevenv/login/16/lib/node_modules/ejs/lib/ejs.js:703:17)
    at tryHandleCache (/home/alcrroro/nodevenv/login/16/lib/node_modules/ejs/lib/ejs.js:274:36)
    at View.exports.renderFile [as engine] (/home/alcrroro/nodevenv/login/16/lib/node_modules/ejs/lib/ejs.js:491:10)
    at View.render (/home/alcrroro/nodevenv/login/16/lib/node_modules/express/lib/view.js:135:8)
    at tryRender (/home/alcrroro/nodevenv/login/16/lib/node_modules/express/lib/application.js:657:10)
    at Function.render (/home/alcrroro/nodevenv/login/16/lib/node_modules/express/lib/application.js:609:3)
Error: /home/alcrroro/login/views/login/login.ejs:1
 >> 1| <%- include('./index/views/includes/head.ejs') %>
    2| 
    3| 
    4| login

Could not find the include file "./index/views/includes/head.ejs"
    at getIncludePath (/home/alcrroro/nodevenv/login/16/lib/node_modules/ejs/lib/ejs.js:185:13)
    at includeFile (/home/alcrroro/nodevenv/login/16/lib/node_modules/ejs/lib/ejs.js:311:19)
    at include (/home/alcrroro/nodevenv/login/16/lib/node_modules/ejs/lib/ejs.js:701:16)
    at eval ("/home/alcrroro/login/views/login/login.ejs":10:17)
    at login (/home/alcrroro/nodevenv/login/16/lib/node_modules/ejs/lib/ejs.js:703:17)
    at tryHandleCache (/home/alcrroro/nodevenv/login/16/lib/node_modules/ejs/lib/ejs.js:274:36)
    at View.exports.renderFile [as engine] (/home/alcrroro/nodevenv/login/16/lib/node_modules/ejs/lib/ejs.js:491:10)
    at View.render (/home/alcrroro/nodevenv/login/16/lib/node_modules/express/lib/view.js:135:8)
    at tryRender (/home/alcrroro/nodevenv/login/16/lib/node_modules/express/lib/application.js:657:10)
    at Function.render (/home/alcrroro/nodevenv/login/16/lib/node_modules/express/lib/application.js:609:3)
node:internal/modules/cjs/loader:936
  throw err;
  ^

Error: Cannot find module 'express'
Require stack:
- /home/alcrroro/favorite/favorite.js
- /usr/local/lsws/fcgi-bin/lsnode.js
    at Function.Module._resolveFilename (node:internal/modules/cjs/loader:933:15)
    at Function.Module._load (node:internal/modules/cjs/loader:778:27)
    at Module.require (node:internal/modules/cjs/loader:1005:19)
    at require (node:internal/modules/cjs/helpers:102:18)
    at Object.<anonymous> (/home/alcrroro/favorite/favorite.js:2:17)
    at Module._compile (node:internal/modules/cjs/loader:1105:14)
    at Object.Module._extensions..js (node:internal/modules/cjs/loader:1159:10)
    at Module.load (node:internal/modules/cjs/loader:981:32)
    at Function.Module._load (node:internal/modules/cjs/loader:822:12)
    at Module.require (node:internal/modules/cjs/loader:1005:19) {
  code: 'MODULE_NOT_FOUND',
  requireStack: [
    '/home/alcrroro/favorite/favorite.js',
    '/usr/local/lsws/fcgi-bin/lsnode.js'
  ]
}
node:internal/modules/cjs/loader:936
  throw err;
  ^

Error: Cannot find module '../controllers/login'
Require stack:
- /home/alcrroro/favorite/routes/login.js
- /home/alcrroro/favorite/favorite.js
- /usr/local/lsws/fcgi-bin/lsnode.js
    at Function.Module._resolveFilename (node:internal/modules/cjs/loader:933:15)
    at Function.Module._load (node:internal/modules/cjs/loader:778:27)
    at Module.require (node:internal/modules/cjs/loader:1005:19)
    at require (node:internal/modules/cjs/helpers:102:18)
    at Object.<anonymous> (/home/alcrroro/favorite/routes/login.js:9:25)
    at Module._compile (node:internal/modules/cjs/loader:1105:14)
    at Object.Module._extensions..js (node:internal/modules/cjs/loader:1159:10)
    at Module.load (node:internal/modules/cjs/loader:981:32)
    at Function.Module._load (node:internal/modules/cjs/loader:822:12)
    at Module.require (node:internal/modules/cjs/loader:1005:19) {
  code: 'MODULE_NOT_FOUND',
  requireStack: [
    '/home/alcrroro/favorite/routes/login.js',
    '/home/alcrroro/favorite/favorite.js',
    '/usr/local/lsws/fcgi-bin/lsnode.js'
  ]
}
node:internal/modules/cjs/loader:936
  throw err;
  ^

Error: Cannot find module '../controllers/login'
Require stack:
- /home/alcrroro/favorite/routes/login.js
- /home/alcrroro/favorite/favorite.js
- /usr/local/lsws/fcgi-bin/lsnode.js
    at Function.Module._resolveFilename (node:internal/modules/cjs/loader:933:15)
    at Function.Module._load (node:internal/modules/cjs/loader:778:27)
    at Module.require (node:internal/modules/cjs/loader:1005:19)
    at require (node:internal/modules/cjs/helpers:102:18)
    at Object.<anonymous> (/home/alcrroro/favorite/routes/login.js:9:25)
    at Module._compile (node:internal/modules/cjs/loader:1105:14)
    at Object.Module._extensions..js (node:internal/modules/cjs/loader:1159:10)
    at Module.load (node:internal/modules/cjs/loader:981:32)
    at Function.Module._load (node:internal/modules/cjs/loader:822:12)
    at Module.require (node:internal/modules/cjs/loader:1005:19) {
  code: 'MODULE_NOT_FOUND',
  requireStack: [
    '/home/alcrroro/favorite/routes/login.js',
    '/home/alcrroro/favorite/favorite.js',
    '/usr/local/lsws/fcgi-bin/lsnode.js'
  ]
}
node:internal/modules/cjs/loader:936
  throw err;
  ^

Error: Cannot find module '../controllers/login'
Require stack:
- /home/alcrroro/favorite/routes/login.js
- /home/alcrroro/favorite/favorite.js
- /usr/local/lsws/fcgi-bin/lsnode.js
    at Function.Module._resolveFilename (node:internal/modules/cjs/loader:933:15)
    at Function.Module._load (node:internal/modules/cjs/loader:778:27)
    at Module.require (node:internal/modules/cjs/loader:1005:19)
    at require (node:internal/modules/cjs/helpers:102:18)
    at Object.<anonymous> (/home/alcrroro/favorite/routes/login.js:9:25)
    at Module._compile (node:internal/modules/cjs/loader:1105:14)
    at Object.Module._extensions..js (node:internal/modules/cjs/loader:1159:10)
    at Module.load (node:internal/modules/cjs/loader:981:32)
    at Function.Module._load (node:internal/modules/cjs/loader:822:12)
    at Module.require (node:internal/modules/cjs/loader:1005:19) {
  code: 'MODULE_NOT_FOUND',
  requireStack: [
    '/home/alcrroro/favorite/routes/login.js',
    '/home/alcrroro/favorite/favorite.js',
    '/usr/local/lsws/fcgi-bin/lsnode.js'
  ]
}
node:internal/modules/cjs/loader:936
  throw err;
  ^

Error: Cannot find module './routes/favorite'
Require stack:
- /home/alcrroro/favorite/favorite.js
- /usr/local/lsws/fcgi-bin/lsnode.js
    at Function.Module._resolveFilename (node:internal/modules/cjs/loader:933:15)
    at Function.Module._load (node:internal/modules/cjs/loader:778:27)
    at Module.require (node:internal/modules/cjs/loader:1005:19)
    at require (node:internal/modules/cjs/helpers:102:18)
    at Object.<anonymous> (/home/alcrroro/favorite/favorite.js:9:21)
    at Module._compile (node:internal/modules/cjs/loader:1105:14)
    at Object.Module._extensions..js (node:internal/modules/cjs/loader:1159:10)
    at Module.load (node:internal/modules/cjs/loader:981:32)
    at Function.Module._load (node:internal/modules/cjs/loader:822:12)
    at Module.require (node:internal/modules/cjs/loader:1005:19) {
  code: 'MODULE_NOT_FOUND',
  requireStack: [
    '/home/alcrroro/favorite/favorite.js',
    '/usr/local/lsws/fcgi-bin/lsnode.js'
  ]
}
node:internal/modules/cjs/loader:936
  throw err;
  ^

Error: Cannot find module './routes/favorite'
Require stack:
- /home/alcrroro/favorite/favorite.js
- /usr/local/lsws/fcgi-bin/lsnode.js
    at Function.Module._resolveFilename (node:internal/modules/cjs/loader:933:15)
    at Function.Module._load (node:internal/modules/cjs/loader:778:27)
    at Module.require (node:internal/modules/cjs/loader:1005:19)
    at require (node:internal/modules/cjs/helpers:102:18)
    at Object.<anonymous> (/home/alcrroro/favorite/favorite.js:9:21)
    at Module._compile (node:internal/modules/cjs/loader:1105:14)
    at Object.Module._extensions..js (node:internal/modules/cjs/loader:1159:10)
    at Module.load (node:internal/modules/cjs/loader:981:32)
    at Function.Module._load (node:internal/modules/cjs/loader:822:12)
    at Module.require (node:internal/modules/cjs/loader:1005:19) {
  code: 'MODULE_NOT_FOUND',
  requireStack: [
    '/home/alcrroro/favorite/favorite.js',
    '/usr/local/lsws/fcgi-bin/lsnode.js'
  ]
}
node:internal/modules/cjs/loader:936
  throw err;
  ^

Error: Cannot find module './routes/favorite'
Require stack:
- /home/alcrroro/favorite/favorite.js
- /usr/local/lsws/fcgi-bin/lsnode.js
    at Function.Module._resolveFilename (node:internal/modules/cjs/loader:933:15)
    at Function.Module._load (node:internal/modules/cjs/loader:778:27)
    at Module.require (node:internal/modules/cjs/loader:1005:19)
    at require (node:internal/modules/cjs/helpers:102:18)
    at Object.<anonymous> (/home/alcrroro/favorite/favorite.js:9:21)
    at Module._compile (node:internal/modules/cjs/loader:1105:14)
    at Object.Module._extensions..js (node:internal/modules/cjs/loader:1159:10)
    at Module.load (node:internal/modules/cjs/loader:981:32)
    at Function.Module._load (node:internal/modules/cjs/loader:822:12)
    at Module.require (node:internal/modules/cjs/loader:1005:19) {
  code: 'MODULE_NOT_FOUND',
  requireStack: [
    '/home/alcrroro/favorite/favorite.js',
    '/usr/local/lsws/fcgi-bin/lsnode.js'
  ]
}
node:internal/modules/cjs/loader:936
  throw err;
  ^

Error: Cannot find module './routes/favorite'
Require stack:
- /home/alcrroro/favorite/favorite.js
- /usr/local/lsws/fcgi-bin/lsnode.js
    at Function.Module._resolveFilename (node:internal/modules/cjs/loader:933:15)
    at Function.Module._load (node:internal/modules/cjs/loader:778:27)
    at Module.require (node:internal/modules/cjs/loader:1005:19)
    at require (node:internal/modules/cjs/helpers:102:18)
    at Object.<anonymous> (/home/alcrroro/favorite/favorite.js:9:21)
    at Module._compile (node:internal/modules/cjs/loader:1105:14)
    at Object.Module._extensions..js (node:internal/modules/cjs/loader:1159:10)
    at Module.load (node:internal/modules/cjs/loader:981:32)
    at Function.Module._load (node:internal/modules/cjs/loader:822:12)
    at Module.require (node:internal/modules/cjs/loader:1005:19) {
  code: 'MODULE_NOT_FOUND',
  requireStack: [
    '/home/alcrroro/favorite/favorite.js',
    '/usr/local/lsws/fcgi-bin/lsnode.js'
  ]
}
node:internal/modules/cjs/loader:936
  throw err;
  ^

Error: Cannot find module './routes/favorite'
Require stack:
- /home/alcrroro/favorite/favorite.js
- /usr/local/lsws/fcgi-bin/lsnode.js
    at Function.Module._resolveFilename (node:internal/modules/cjs/loader:933:15)
    at Function.Module._load (node:internal/modules/cjs/loader:778:27)
    at Module.require (node:internal/modules/cjs/loader:1005:19)
    at require (node:internal/modules/cjs/helpers:102:18)
    at Object.<anonymous> (/home/alcrroro/favorite/favorite.js:9:21)
    at Module._compile (node:internal/modules/cjs/loader:1105:14)
    at Object.Module._extensions..js (node:internal/modules/cjs/loader:1159:10)
    at Module.load (node:internal/modules/cjs/loader:981:32)
    at Function.Module._load (node:internal/modules/cjs/loader:822:12)
    at Module.require (node:internal/modules/cjs/loader:1005:19) {
  code: 'MODULE_NOT_FOUND',
  requireStack: [
    '/home/alcrroro/favorite/favorite.js',
    '/usr/local/lsws/fcgi-bin/lsnode.js'
  ]
}
node:internal/modules/cjs/loader:936
  throw err;
  ^

Error: Cannot find module './routes/favorite'
Require stack:
- /home/alcrroro/favorite/favorite.js
- /usr/local/lsws/fcgi-bin/lsnode.js
    at Function.Module._resolveFilename (node:internal/modules/cjs/loader:933:15)
    at Function.Module._load (node:internal/modules/cjs/loader:778:27)
    at Module.require (node:internal/modules/cjs/loader:1005:19)
    at require (node:internal/modules/cjs/helpers:102:18)
    at Object.<anonymous> (/home/alcrroro/favorite/favorite.js:9:21)
    at Module._compile (node:internal/modules/cjs/loader:1105:14)
    at Object.Module._extensions..js (node:internal/modules/cjs/loader:1159:10)
    at Module.load (node:internal/modules/cjs/loader:981:32)
    at Function.Module._load (node:internal/modules/cjs/loader:822:12)
    at Module.require (node:internal/modules/cjs/loader:1005:19) {
  code: 'MODULE_NOT_FOUND',
  requireStack: [
    '/home/alcrroro/favorite/favorite.js',
    '/usr/local/lsws/fcgi-bin/lsnode.js'
  ]
}
node:internal/modules/cjs/loader:936
  throw err;
  ^

Error: Cannot find module './routes/favorite'
Require stack:
- /home/alcrroro/favorite/favorite.js
- /usr/local/lsws/fcgi-bin/lsnode.js
    at Function.Module._resolveFilename (node:internal/modules/cjs/loader:933:15)
    at Function.Module._load (node:internal/modules/cjs/loader:778:27)
    at Module.require (node:internal/modules/cjs/loader:1005:19)
    at require (node:internal/modules/cjs/helpers:102:18)
    at Object.<anonymous> (/home/alcrroro/favorite/favorite.js:9:21)
    at Module._compile (node:internal/modules/cjs/loader:1105:14)
    at Object.Module._extensions..js (node:internal/modules/cjs/loader:1159:10)
    at Module.load (node:internal/modules/cjs/loader:981:32)
    at Function.Module._load (node:internal/modules/cjs/loader:822:12)
    at Module.require (node:internal/modules/cjs/loader:1005:19) {
  code: 'MODULE_NOT_FOUND',
  requireStack: [
    '/home/alcrroro/favorite/favorite.js',
    '/usr/local/lsws/fcgi-bin/lsnode.js'
  ]
}
node:internal/modules/cjs/loader:936
  throw err;
  ^

Error: Cannot find module './routes/favorite'
Require stack:
- /home/alcrroro/favorite/favorite.js
- /usr/local/lsws/fcgi-bin/lsnode.js
    at Function.Module._resolveFilename (node:internal/modules/cjs/loader:933:15)
    at Function.Module._load (node:internal/modules/cjs/loader:778:27)
    at Module.require (node:internal/modules/cjs/loader:1005:19)
    at require (node:internal/modules/cjs/helpers:102:18)
    at Object.<anonymous> (/home/alcrroro/favorite/favorite.js:9:21)
    at Module._compile (node:internal/modules/cjs/loader:1105:14)
    at Object.Module._extensions..js (node:internal/modules/cjs/loader:1159:10)
    at Module.load (node:internal/modules/cjs/loader:981:32)
    at Function.Module._load (node:internal/modules/cjs/loader:822:12)
    at Module.require (node:internal/modules/cjs/loader:1005:19) {
  code: 'MODULE_NOT_FOUND',
  requireStack: [
    '/home/alcrroro/favorite/favorite.js',
    '/usr/local/lsws/fcgi-bin/lsnode.js'
  ]
}
node:internal/modules/cjs/loader:936
  throw err;
  ^

Error: Cannot find module './routes/favorite'
Require stack:
- /home/alcrroro/favorite/favorite.js
- /usr/local/lsws/fcgi-bin/lsnode.js
    at Function.Module._resolveFilename (node:internal/modules/cjs/loader:933:15)
    at Function.Module._load (node:internal/modules/cjs/loader:778:27)
    at Module.require (node:internal/modules/cjs/loader:1005:19)
    at require (node:internal/modules/cjs/helpers:102:18)
    at Object.<anonymous> (/home/alcrroro/favorite/favorite.js:9:21)
    at Module._compile (node:internal/modules/cjs/loader:1105:14)
    at Object.Module._extensions..js (node:internal/modules/cjs/loader:1159:10)
    at Module.load (node:internal/modules/cjs/loader:981:32)
    at Function.Module._load (node:internal/modules/cjs/loader:822:12)
    at Module.require (node:internal/modules/cjs/loader:1005:19) {
  code: 'MODULE_NOT_FOUND',
  requireStack: [
    '/home/alcrroro/favorite/favorite.js',
    '/usr/local/lsws/fcgi-bin/lsnode.js'
  ]
}
node:internal/modules/cjs/loader:936
  throw err;
  ^

Error: Cannot find module './routes/favorite'
Require stack:
- /home/alcrroro/favorite/favorite.js
- /usr/local/lsws/fcgi-bin/lsnode.js
    at Function.Module._resolveFilename (node:internal/modules/cjs/loader:933:15)
    at Function.Module._load (node:internal/modules/cjs/loader:778:27)
    at Module.require (node:internal/modules/cjs/loader:1005:19)
    at require (node:internal/modules/cjs/helpers:102:18)
    at Object.<anonymous> (/home/alcrroro/favorite/favorite.js:9:21)
    at Module._compile (node:internal/modules/cjs/loader:1105:14)
    at Object.Module._extensions..js (node:internal/modules/cjs/loader:1159:10)
    at Module.load (node:internal/modules/cjs/loader:981:32)
    at Function.Module._load (node:internal/modules/cjs/loader:822:12)
    at Module.require (node:internal/modules/cjs/loader:1005:19) {
  code: 'MODULE_NOT_FOUND',
  requireStack: [
    '/home/alcrroro/favorite/favorite.js',
    '/usr/local/lsws/fcgi-bin/lsnode.js'
  ]
}
node:internal/modules/cjs/loader:936
  throw err;
  ^

Error: Cannot find module './routes/favorite'
Require stack:
- /home/alcrroro/favorite/favorite.js
- /usr/local/lsws/fcgi-bin/lsnode.js
    at Function.Module._resolveFilename (node:internal/modules/cjs/loader:933:15)
    at Function.Module._load (node:internal/modules/cjs/loader:778:27)
    at Module.require (node:internal/modules/cjs/loader:1005:19)
    at require (node:internal/modules/cjs/helpers:102:18)
    at Object.<anonymous> (/home/alcrroro/favorite/favorite.js:9:21)
    at Module._compile (node:internal/modules/cjs/loader:1105:14)
    at Object.Module._extensions..js (node:internal/modules/cjs/loader:1159:10)
    at Module.load (node:internal/modules/cjs/loader:981:32)
    at Function.Module._load (node:internal/modules/cjs/loader:822:12)
    at Module.require (node:internal/modules/cjs/loader:1005:19) {
  code: 'MODULE_NOT_FOUND',
  requireStack: [
    '/home/alcrroro/favorite/favorite.js',
    '/usr/local/lsws/fcgi-bin/lsnode.js'
  ]
}
node:internal/modules/cjs/loader:936
  throw err;
  ^

Error: Cannot find module './routes/favorite'
Require stack:
- /home/alcrroro/favorite/favorite.js
- /usr/local/lsws/fcgi-bin/lsnode.js
    at Function.Module._resolveFilename (node:internal/modules/cjs/loader:933:15)
    at Function.Module._load (node:internal/modules/cjs/loader:778:27)
    at Module.require (node:internal/modules/cjs/loader:1005:19)
    at require (node:internal/modules/cjs/helpers:102:18)
    at Object.<anonymous> (/home/alcrroro/favorite/favorite.js:9:21)
    at Module._compile (node:internal/modules/cjs/loader:1105:14)
    at Object.Module._extensions..js (node:internal/modules/cjs/loader:1159:10)
    at Module.load (node:internal/modules/cjs/loader:981:32)
    at Function.Module._load (node:internal/modules/cjs/loader:822:12)
    at Module.require (node:internal/modules/cjs/loader:1005:19) {
  code: 'MODULE_NOT_FOUND',
  requireStack: [
    '/home/alcrroro/favorite/favorite.js',
    '/usr/local/lsws/fcgi-bin/lsnode.js'
  ]
}
node:internal/modules/cjs/loader:936
  throw err;
  ^

Error: Cannot find module './routes/favorite'
Require stack:
- /home/alcrroro/favorite/favorite.js
- /usr/local/lsws/fcgi-bin/lsnode.js
    at Function.Module._resolveFilename (node:internal/modules/cjs/loader:933:15)
    at Function.Module._load (node:internal/modules/cjs/loader:778:27)
    at Module.require (node:internal/modules/cjs/loader:1005:19)
    at require (node:internal/modules/cjs/helpers:102:18)
    at Object.<anonymous> (/home/alcrroro/favorite/favorite.js:9:21)
    at Module._compile (node:internal/modules/cjs/loader:1105:14)
    at Object.Module._extensions..js (node:internal/modules/cjs/loader:1159:10)
    at Module.load (node:internal/modules/cjs/loader:981:32)
    at Function.Module._load (node:internal/modules/cjs/loader:822:12)
    at Module.require (node:internal/modules/cjs/loader:1005:19) {
  code: 'MODULE_NOT_FOUND',
  requireStack: [
    '/home/alcrroro/favorite/favorite.js',
    '/usr/local/lsws/fcgi-bin/lsnode.js'
  ]
}
node:internal/modules/cjs/loader:936
  throw err;
  ^

Error: Cannot find module './routes/favorite'
Require stack:
- /home/alcrroro/favorite/favorite.js
- /usr/local/lsws/fcgi-bin/lsnode.js
    at Function.Module._resolveFilename (node:internal/modules/cjs/loader:933:15)
    at Function.Module._load (node:internal/modules/cjs/loader:778:27)
    at Module.require (node:internal/modules/cjs/loader:1005:19)
    at require (node:internal/modules/cjs/helpers:102:18)
    at Object.<anonymous> (/home/alcrroro/favorite/favorite.js:9:21)
    at Module._compile (node:internal/modules/cjs/loader:1105:14)
    at Object.Module._extensions..js (node:internal/modules/cjs/loader:1159:10)
    at Module.load (node:internal/modules/cjs/loader:981:32)
    at Function.Module._load (node:internal/modules/cjs/loader:822:12)
    at Module.require (node:internal/modules/cjs/loader:1005:19) {
  code: 'MODULE_NOT_FOUND',
  requireStack: [
    '/home/alcrroro/favorite/favorite.js',
    '/usr/local/lsws/fcgi-bin/lsnode.js'
  ]
}
node:internal/modules/cjs/loader:936
  throw err;
  ^

Error: Cannot find module './routes/favorite'
Require stack:
- /home/alcrroro/favorite/favorite.js
- /usr/local/lsws/fcgi-bin/lsnode.js
    at Function.Module._resolveFilename (node:internal/modules/cjs/loader:933:15)
    at Function.Module._load (node:internal/modules/cjs/loader:778:27)
    at Module.require (node:internal/modules/cjs/loader:1005:19)
    at require (node:internal/modules/cjs/helpers:102:18)
    at Object.<anonymous> (/home/alcrroro/favorite/favorite.js:9:21)
    at Module._compile (node:internal/modules/cjs/loader:1105:14)
    at Object.Module._extensions..js (node:internal/modules/cjs/loader:1159:10)
    at Module.load (node:internal/modules/cjs/loader:981:32)
    at Function.Module._load (node:internal/modules/cjs/loader:822:12)
    at Module.require (node:internal/modules/cjs/loader:1005:19) {
  code: 'MODULE_NOT_FOUND',
  requireStack: [
    '/home/alcrroro/favorite/favorite.js',
    '/usr/local/lsws/fcgi-bin/lsnode.js'
  ]
}
Error: Failed to lookup view "favorite/favorite" in views directory "views"
    at Function.render (/home/alcrroro/nodevenv/favorite/16/lib/node_modules/express/lib/application.js:597:17)
    at ServerResponse.render (/home/alcrroro/nodevenv/favorite/16/lib/node_modules/express/lib/response.js:1039:7)
    at exports.getFavorite (/home/alcrroro/favorite/controllers/favorite.js:5:6)
    at Layer.handle [as handle_request] (/home/alcrroro/nodevenv/favorite/16/lib/node_modules/express/lib/router/layer.js:95:5)
    at next (/home/alcrroro/nodevenv/favorite/16/lib/node_modules/express/lib/router/route.js:144:13)
    at Route.dispatch (/home/alcrroro/nodevenv/favorite/16/lib/node_modules/express/lib/router/route.js:114:3)
    at Layer.handle [as handle_request] (/home/alcrroro/nodevenv/favorite/16/lib/node_modules/express/lib/router/layer.js:95:5)
    at /home/alcrroro/nodevenv/favorite/16/lib/node_modules/express/lib/router/index.js:284:15
    at Function.process_params (/home/alcrroro/nodevenv/favorite/16/lib/node_modules/express/lib/router/index.js:346:12)
    at next (/home/alcrroro/nodevenv/favorite/16/lib/node_modules/express/lib/router/index.js:280:10)
Error: Failed to lookup view "favorite/favorite" in views directory "views"
    at Function.render (/home/alcrroro/nodevenv/favorite/16/lib/node_modules/express/lib/application.js:597:17)
    at ServerResponse.render (/home/alcrroro/nodevenv/favorite/16/lib/node_modules/express/lib/response.js:1039:7)
    at exports.getFavorite (/home/alcrroro/favorite/controllers/favorite.js:5:6)
    at Layer.handle [as handle_request] (/home/alcrroro/nodevenv/favorite/16/lib/node_modules/express/lib/router/layer.js:95:5)
    at next (/home/alcrroro/nodevenv/favorite/16/lib/node_modules/express/lib/router/route.js:144:13)
    at Route.dispatch (/home/alcrroro/nodevenv/favorite/16/lib/node_modules/express/lib/router/route.js:114:3)
    at Layer.handle [as handle_request] (/home/alcrroro/nodevenv/favorite/16/lib/node_modules/express/lib/router/layer.js:95:5)
    at /home/alcrroro/nodevenv/favorite/16/lib/node_modules/express/lib/router/index.js:284:15
    at Function.process_params (/home/alcrroro/nodevenv/favorite/16/lib/node_modules/express/lib/router/index.js:346:12)
    at next (/home/alcrroro/nodevenv/favorite/16/lib/node_modules/express/lib/router/index.js:280:10)
Error: Failed to lookup view "favorite/favorite" in views directory "views"
    at Function.render (/home/alcrroro/nodevenv/favorite/16/lib/node_modules/express/lib/application.js:597:17)
    at ServerResponse.render (/home/alcrroro/nodevenv/favorite/16/lib/node_modules/express/lib/response.js:1039:7)
    at exports.getFavorite (/home/alcrroro/favorite/controllers/favorite.js:5:6)
    at Layer.handle [as handle_request] (/home/alcrroro/nodevenv/favorite/16/lib/node_modules/express/lib/router/layer.js:95:5)
    at next (/home/alcrroro/nodevenv/favorite/16/lib/node_modules/express/lib/router/route.js:144:13)
    at Route.dispatch (/home/alcrroro/nodevenv/favorite/16/lib/node_modules/express/lib/router/route.js:114:3)
    at Layer.handle [as handle_request] (/home/alcrroro/nodevenv/favorite/16/lib/node_modules/express/lib/router/layer.js:95:5)
    at /home/alcrroro/nodevenv/favorite/16/lib/node_modules/express/lib/router/index.js:284:15
    at Function.process_params (/home/alcrroro/nodevenv/favorite/16/lib/node_modules/express/lib/router/index.js:346:12)
    at next (/home/alcrroro/nodevenv/favorite/16/lib/node_modules/express/lib/router/index.js:280:10)
